16
6
18
19
20
21
22
23
24
25
18
7
10
13
15
10
26
33
34
35
36
37
38
39
40
41
42
43
44
45
46
47
48
25
4
28
30
32
49
55
56
57
58
59
60
61
62
60
5
7
66
29
31
63
55
10
15
13
37
7
30
74
70
79
80
81
82
55
3
65
66
67
53
83
42
30
15
73
7
18
72
24
76
92
78
6
89
90
104
105
106
79
86
87
88
73
54
34
4
5
9
9
113
63
76
73
92
93
13
72
119
6
52
125
72
93
124
93
107
135
136
137
44
65
10
28
142
141
68
112
33
5
148
5
14
14
127
57
66
100
10
157
13
159
157
73
27
29
160
157
158
93
167
138
170
171
172
21
9
28
166
177
166
123
125
24
148
67
10
14
69
57
9
123
112
178
179
14
3
159
196
192
178
9
162
173
202
203
105
117
198
198
180
127
148
192
186
13
95
49
189
191
207
166
14
148
130
219
177
9
14
204
228
229
70
226
224
192
159
124
20
116
207
186
94
48
200
233
179
9
115
223
233
151
5
230
252
253
49
150
152
244
212
15
19
238
219
123
153
41
189
198
3
3
179
13
246
6
5
207
214
166
117
9
251
254
22
275
282
285
26
232
207
155
239
227
18
206
233
132
101
43
267
192
195
115
116
273
274
207
15
148
279
281
286
261
29
56
5
201
311
80
186
289
195
31
198
151
27
118
258
92
265
38
299
178
3
307
148
4
4
312
208
334
336
317
261
315
297
46
148
132
342
79
213
29
352
101
122
353
352
226
96
14
125
361
356
362
235
260
139
363
29
333
182
52
363
366
349
293
5
77
216
175
123
375
62
77
196
159
20
122
385
196
117
359
389
235
393
196
374
42
275
395
370
23
65
395
97
382
280
365
216
141
67
134
382
59
384
196
6
337
18
31
395
272
9
18
13
360
197
7
124
421
292
43
399
393
0
397
237
99
389
405
349
407
408
47
189
66
269
3
28
413
414
429
125
418
419
164
393
358
102
426
125
95
420
395
324
139
438
385
435
182
377
393
313
19
316
253
442
443
46
13
448
3
18
482
450
59
131
160
341
474
456
389
458
425
160
215
463
393
14
423
466
395
6
436
343
395
76
19
235
170
378
25
477
478
44
214
485
79
428
355
310
419
467
385
150
424
355
474
523
390
500
20
121
132
241
402
102
393
503
283
117
471
389
7
279
175
428
22
167
504
19
189
181
21
52
124
329
21
377
519
78
68
78
222
389
534
475
19
549
557
336
454
23
552
215
532
145
553
517
23
100
7
521
503
529
159
525
6
72
586
528
421
391
20
4
447
549
556
575
128
537
389
539
20
541
564
543
87
29
547
19
142
555
550
279
296
113
32
161
429
329
183
533
296
92
128
542
385
534
516
576
111
187
21
571
487
127
615
124
575
618
131
527
579
532
639
583
260
421
587
102
73
310
15
585
272
521
251
421
566
101
32
506
297
380
421
421
66
163
129
396
436
477
566
260
7
195
365
534
18
308
541
670
624
235
582
666
196
668
669
491
328
174
433
629
54
673
566
128
677
190
412
644
96
94
531
419
601
389
650
121
148
522
592
310
433
687
132
292
7
0
663
508
655
666
10
85
275
670
565
374
513
671
654
700
628
132
303
546
691
393
65
735
667
676
211
729
736
113
280
740
534
732
678
676
395
679
703
526
214
431
102
743
196
116
532
30
712
648
395
246
149
740
717
227
720
722
424
724
404
85
206
687
625
753
385
88
725
117
361
783
13
742
791
480
582
782
717
69
789
666
15
785
688
747
439
758
568
125
397
480
649
706
128
480
658
708
524
115
585
606
592
755
393
507
424
677
410
404
575
116
794
365
403
421
144
687
275
800
791
175
447
269
400
269
796
832
328
839
741
582
724
836
666
284
807
27
578
762
674
93
115
22
689
74
860
307
6
200
860
544
347
860
10
841
870
617
333
110
870
101
116
866
883
792
519
674
270
883
307
423
117
860
269
752
423
88
333
887
668
882
889
674
480
175
866
280
85
886
566
888
883
765
856
25
480
866
862
915
898
674
251
869
674
796
280
870
875
924
877
448
128
909
132
610
128
642
902
534
183
873
902
358
926
887
5
447
593
474
920
534
931
936
938
903
85
937
132
280
274
65
941
889
650
914
22
916
860
489
24
967
921
868
866
851
944
698
14
676
876
611
952
462
924
374
66
954
566
851
987
566
189
868
315
945
149
813
539
893
215
986
990
93
76
872
566
221
680
933
987
992
965
580
950
534
336
439
166
859
860
922
866
274
544
1009
15
3
978
1014
1003
119
575
983
698
374
32
866
1029
934
905
883
141
860
992
946
999
599
21
260
893
54
1036
893
883
1004
994
1006
281
1040
866
1042
674
1011
1012
21
811
893
51
110
1069
726
701
93
1021
860
0
676
9
1038
6
1028
980
23
979
674
603
588
503
893
1038
654
1059
903
1001
991
74
755
924
845
1047
778
860
1087
1087
1037
1090
1004
1025
1007
868
1025
639
1025
1063
1064
508
911
910
1097
1118
1071
1020
868
1072
260
726
5
721
1085
1028
1072
825
863
321
566
469
778
1124
481
701
76
1078
1124
31
95
1072
992
676
957
660
141
1065
145
534
449
102
623
951
1119
934
74
403
674
10
1058
217
873
1145
921
345
1115
74
270
736
481
588
628
448
795
733
802
1080
1173
671
588
85
0
1183
625
214
269
456
1003
1170
27
1187
1192
1026
374
125
1188
235
195
676
555
507
480
1201
53
446
1201
802
74
1207
773
394
630
455
1176
365
157
424
726
691
1026
1190
1205
78
1204
565
1151
102
1078
1224
410
1191
628
377
1115
1065
6
842
596
482
1242
448
1223
1207
842
121
423
194
1242
142
480
0
1241
1249
662
676
842
814
473
863
1257
269
814
401
503
1248
1266
76
677
1249
366
260
1242
814
67
1277
1004
1213
1260
1245
1271
164
575
31
1261
164
54
73
1280
811
1270
935
32
1261
76
1155
1276
1298
214
28
1293
1238
1239
568
1283
1284
1284
1241
1200
1284
792
1182
1245
588
1026
1256
1317
507
1311
1263
554
720
1253
1268
1292
1245
979
842
440
260
1187
1253
1279
1330
195
1318
1309
1310
589
474
1172
1249
386
1269
1284
1331
596
810
1341
482
825
1301
1336
1304
1338
1194
1012
141
571
1363
269
1363
1364
1365
1366
595
333
251
14
1369
595
30
1354
1369
448
1276
1366
1191
550
932
1381
894
1344
1378
842
1375
397
260
1385
931
480
1393
675
30
1374
1381
103
73
1378
201
1402
1366
946
269
5
247
436
159
1385
1355
417
1367
668
1395
1367
1268
1307
1362
1374
3
1399
595
1399
333
54
13
1399
1376
128
1374
428
1187
1378
30
98
10
1388
374
31
1423
1368
1438
387
7
1388
1331
1388
1228
77
1448
1425
1343
503
1440
1369
1347
1443
1369
946
1409
4
1446
387
1430
1381
610
654
1378
446
1026
1451
1307
1308
149
1478
1409
1479
1478
302
1481
72
215
792
1481
377
1026
66
1488
72
1408
1481
1466
554
1164
1481
1136
1156
1488
1463
1465
504
214
1488
1139
727
1479
1339
766
125
1502
344
455
1481
4
1221
1501
1514
1504
23
1073
1484
78
1506
1481
446
815
1481
1511
1476
141
1502
1483
1517
1502
1288
843
1538
1026
1534
1484
1026
1509
1478
103
27
87
1487
1479
1086
1527
1502
440
20
1513
1528
755
1546
149
1132
1497
1538
1526
1498
1479
1519
1554
1492
1383
652
1525
1222
1488
1529
1561
183
1360
965
1491
1514
335
1583
772
734
1540
1488
30
449
1571
1494
1479
77
1051
32
155
1488
1553
960
1576
1383
29
1492
1148
1578
275
557
1582
1479
201
1570
772
1429
1601
1528
1383
1269
1589
1051
1551
1478
141
270
1607
1519
485
1310
1349
582
1585
1536
1555
31
0
1636
721
1502
1590
1161
1544
1636
1576
180
95
728
1622
1562
1035
1616
1478
428
153
74
1604
1495
1606
1492
1031
1645
1488
1612
1631
1594
1051
1651
1649
1654
1575
1657
96
1648
222
1658
1484
557
60
484
25
1284
1637
1682
1683
1684
1685
1685
1610
1514
1607
1611
13
1683
1567
1594
162
1639
563
1644
461
772
428
1602
568
1690
519
532
1339
1055
1594
95
1126
1671
857
1550
654
1662
561
1667
559
96
1705
702
699
516
1613
1674
857
1589
1711
1607
1217
80
1637
842
1686
1736
1737
1738
1684
66
545
1742
391
3
1743
1742
76
1684
874
1746
313
1746
175
1231
1753
1746
142
802
1743
440
726
1753
1489
168
1762
1597
1694
149
94
745
1481
654
723
1652
1664
1478
412
32
1662
1773
1762
1746
1764
322
544
1151
1779
1772
516
28
1717
446
1662
689
1733
1636
1735
1739
1734
1798
1686
269
1737
932
1756
280
1077
1756
1748
1749
1753
95
1753
157
7
2
1813
1806
545
609
1759
1742
440
1818
1756
461
1745
118
1805
1743
639
1828
1742
146
1808
1819
217
1721
1746
1112
868
1806
461
544
1829
1185
1840
1770
1845
1834
94
1833
545
112
215
571
417
19
572
47
1335
1801
0
1864
1864
1803
1865
1866
1863
1868
1869
1871
1868
932
1850
1746
699
1809
10
1335
1871
1876
545
1842
1743
1299
2
1817
1883
1809
461
422
1823
985
1885
1837
380
1878
1812
1836
1886
680
1837
1815
1228
1853
1823
668
1897
279
825
1901
1742
1303
1907
545
446
1809
575
418
341
969
48
1869
447
1873
1872
1881
1862
1926
1927
1930
1317
159
1890
1884
1847
1757
1880
1929
1865
588
1910
380
1888
1888
1741
1904
1221
1141
1743
1466
1948
1910
1299
1916
1911
1782
1939
128
1806
1815
1795
1913
1820
95
1954
1897
507
1965
279
1915
1879
1957
117
1155
18
1921
1858
1860
46
1925
1867
1932
1928
1681
1927
1629
333
425
151
1992
1993
896
1185
1993
1992
66
1
2000
2000
1868
1285
1997
2005
978
13
1946
1888
588
184
185
2006
473
28
2006
1953
66
2006
2006
76
1624
448
2005
142
1246
2025
1051
215
1027
1992
1935
1100
936
2013
1993
630
87
2020
2025
181
745
226
1997
162
1260
7
2028
608
2028
634
1978
1859
56
1987
1985
1933
1989
2059
447
2033
1795
1257
600
195
447
611
66
0
2001
2002
1865
2067
2063
1872
424
2009
1946
588
456
177
1992
1263
2016
2005
1496
668
1271
2048
2021
1228
95
845
151
1155
2088
2085
1977
1963
1241
151
535
22
1354
176
151
1590
532
2047
932
2020
1132
87
781
2102
101
2088
2024
978
54
2097
2013
1977
81
2060
2126
2127
1629
1219
197
177
2093
827
410
215
1985
3
1933
1875
176
271
2078
2143
2035
2132
1563
2085
1997
1556
1875
158
1303
2030
1246
2034
857
26
1563
101
1266
567
24
1679
1269
863
184
2062
483
1191
2156
482
2162
554
1580
814
104
2128
2178
2179
2180
1931
2072
2073
1872
1245
2078
1
1888
2000
2
3
2143
2
2190
2079
163
1950
1417
2090
2149
1618
96
352
2135
26
1256
1580
482
2175
424
41
2202
568
2204
87
33
2172
26
2209
1680
102
105
2056
2057
2225
2226
2073
1310
1932
1245
2230
1931
1983
2192
2009
2188
2237
2191
2193
2194
2078
1325
447
507
2014
2210
1476
703
2224
2226
2001
2251
2252
2228
1984
2057
2231
1988
1801
1242
2187
2190
2000
2192
2188
2241
1946
2237
2266
2068
2044
499
894
186
2275
654
2247
2248
579
1987
2071
2183
1871
2254
2225
2285
1930
2227
2258
2259
1931
2261
2267
2263
2264
2294
2189
2194
2238
2010
141
240
718
923
1154
1677
2279
644
2281
2282
0
2312
2313
2283
2313
2316
2317
2318
2288
2319
2317
2290
2319
2260
447
2300
2241
2001
2265
2298
2328
2269
1888
2302
860
2303
1855
65
2308
38
2173
27
229
2224
2282
1
2316
2315
2324
2138
2321
1870
2350
1242
2321
2313
1926
1245
2327
2071
2239
2143
2269
2001
2
2335
902
125
280
583
349
1653
57
337
1453
22
243
228
2345
2346
2002
2349
2318
2256
2322
2233
2384
1867
2355
2070
2347
2356
1284
2266
2189
2263
2362
2236
2295
2000
537
2045
903
997
286
1548
1121
2307
39
595
549
881
1409
168
204
2380
2381
2356
2386
1863
2323
2388
2312
2390
2385
2388
842
2395
2299
2269
2235
2430
2365
2430
428
499
1610
226
2304
382
1518
624
2080
1595
47
946
199
93
280
336
619
2156
136
2417
2311
2383
2420
2387
2422
2458
1242
2264
2351
2419
2462
2399
2071
2432
2346
2396
1
428
87
2010
960
869
761
342
2411
1935
2080
597
858
39
2447
198
117
51
177
296
620
137
2250
2314
2392
2419
2427
2292
2460
2316
1629
2463
2464
2393
2326
2467
2329
2471
2430
2471
102
141
2195
1978
4
15
2478
342
148
270
263
566
2409
558
2521
258
1963
1260
1318
146
107
2058
2321
2457
2427
2424
1798
2494
1929
2351
2462
2347
2256
2426
2428
2294
2282
2235
2434
2365
2365
76
2361
2
1978
2524
254
211
244
514
34
750
2527
295
556
106
2533
2391
2391
2287
2465
1735
2233
2539
2389
2537
2326
2496
2357
2421
2506
2266
2346
2549
2583
2551
2195
3
2282
2555
758
2559
2560
2278
376
2564
2527
695
90
2310
2570
2535
2461
2537
2577
2390
2324
2580
2428
2392
1629
2357
1862
2300
2584
2328
2471
2364
1888
2589
2590
807
308
1815
1191
212
2518
24
2563
2597
2527
264
83
2601
2602
2497
2501
2425
2612
1862
2501
2606
2578
2606
2320
2138
2546
2268
2548
2617
2433
2554
2621
2622
758
309
1407
464
2278
303
725
1215
847
625
82
2635
2311
2318
2579
2643
2541
2640
2385
2672
2607
2672
2671
1930
2395
2381
2330
2649
2381
2191
2381
2188
2623
712
843
498
2278
803
916
2663
2664
2213
58
2635
2070
2312
2603
2354
2059
2505
2229
1187
2613
2580
2605
2647
2507
2508
2236
2652
2365
2654
2470
1012
763
272
2692
627
385
2172
655
177
794
2697
57
2539
2495
2352
2504
2609
2675
2607
2498
2258
2576
2613
1803
2742
2432
2715
1
2744
2332
2681
2686
2190
965
2720
1114
512
2723
159
484
2277
404
122
805
565
2634
2290
2287
2457
2426
2709
2058
2768
2605
2568
1933
2322
2707
2546
2364
2252
2747
2295
2652
2717
2381
2752
770
2524
753
952
214
835
1397
2762
160
2729
2055
2765
2571
2733
2705
2640
2608
2678
2803
2776
2359
2238
2311
2780
2586
2071
1187
2750
2002
2591
758
2720
855
147
2723
1977
2790
506
719
277
835
2595
84
2797
2702
2708
2574
2770
2538
2734
2743
2181
2533
2298
2808
2331
2778
2811
2621
2745
2347
2194
758
823
709
2524
946
385
1324
2007
2823
611
141
2826
2764
2390
2346
0
2863
2864
2865
2866
2774
2863
2704
1941
2869
2181
2060
2863
2263
2875
2812
2547
2686
2812
2842
2713
1
703
2849
385
51
35
2852
160
858
665
824
761
155
506
2557
2828
2861
2862
2867
2902
2568
2870
2903
2833
2873
1798
2194
2865
2589
2879
2550
2070
2783
2584
2270
644
1084
616
37
654
131
1324
868
1088
924
2895
2927
988
2898
49
2455
2830
2864
2676
2801
2903
2908
2126
2864
2910
2912
2618
2361
2936
2587
2548
2395
413
425
959
2920
130
676
35
124
1990
1347
551
2930
1154
706
1033
988
2453
1678
2258
2496
2811
2906
2867
2834
2940
2460
2742
2972
2700
2288
2
2869
2680
2684
2700
2654
2715
1187
2331
382
904
1807
898
1963
843
2476
2107
389
898
28
236
604
2962
1039
22
1022
2967
59
2866
2768
2347
2702
2504
2127
2140
1069
1069
1265
2771
2707
2813
2299
2872
2464
2744
2686
2981
2982
2750
1335
2195
2815
317
916
149
2993
2244
157
4
605
1407
842
73
734
692
2961
1124
2926
20
1134
698
3007
58
3009
2464
2670
2935
2936
2736
2074
3016
3061
3017
2387
3023
2138
2971
2875
2983
3023
2863
2712
3067
2916
2254
269
2434
3032
286
1121
884
2369
275
889
370
1168
664
2530
698
706
1382
887
2932
48
2746
2621
3019
2978
3058
2641
2139
3062
3061
8
3104
3105
2133
2939
3066
2766
2429
3022
2641
2748
2430
2700
2543
3029
2746
3095
2070
2196
311
726
1208
671
1513
740
2625
811
1557
397
1407
1224
274
3049
1236
1177
3093
47
3095
2463
3098
2972
2126
3015
3102
3105
3148
3104
2093
3108
2569
2902
2193
2072
1867
2510
2571
3074
2468
3120
3031
317
3124
1310
1219
851
1989
1071
26
3041
2074
1161
3136
1293
1532
1733
2675
3143
2871
2868
1321
3102
3062
3149
3150
1241
3054
1803
2457
2331
2399
3100
2268
2910
2496
3160
2002
2265
3119
2551
282
428
1313
3169
1506
2059
1563
402
3166
85
3175
1359
83
2911
3097
3216
3189
2389
1298
3184
110
532
3186
1967
3059
3109
3067
0
3192
2262
3194
2266
3009
2862
2779
2396
2986
2475
230
3204
1190
2059
1457
1353
1261
2247
3172
1245
583
1989
2795
55
3058
3217
3108
3244
3146
3061
3018
482
3150
3263
446
2872
3266
2901
3071
2267
2240
3199
1867
2970
3028
2811
3237
2430
2589
3230
2687
3241
1292
1226
52
1424
1367
1144
1509
1549
2216
114
3286
1413
21
3293
3287
3215
3065
3180
2869
3065
2129
3259
3063
1338
448
8
2216
2677
1881
3268
3230
2240
2714
3272
2865
3011
2881
2252
3011
2543
2399
3076
2918
204
3204
1178
689
1493
1403
1506
42
366
1426
1423
599
676
1427
2827
49
3054
3180
2180
3290
3016
2065
3305
447
8
932
3261
1735
3229
3269
3231
2399
3112
2545
2456
2569
3025
2463
3325
203
53
403
645
1607
652
43
94
595
1502
270
1774
3374
3340
1924
3218
3143
2181
3304
3103
3308
1967
1257
2956
2133
1681
3354
3313
3356
2649
2299
3279
2871
3074
3361
2396
2189
1335
2620
3078
171
1573
2022
387
3369
3378
19
482
315
1448
1690
3375
1520
3374
3139
46
3220
2975
3258
3222
3184
1277
3352
1926
3354
3111
3271
2468
3358
2541
2418
3199
3400
2779
2296
3404
138
1573
403
113
1026
1717
42
482
200
1190
3377
77
1585
3416
2125
3302
3422
3303
2166
7
3385
3460
3148
87
3308
3427
2355
3429
3393
3437
2713
3022
3273
3320
2650
2745
2265
2432
202
73
1917
354
1957
2960
266
3327
1753
321
1893
1756
952
2125
3457
2128
98
3464
3462
3186
3106
2545
3428
2670
2875
3314
3400
3278
3232
3473
2602
3439
3026
3119
3122
170
3480
1917
1291
3483
3419
551
1078
269
3487
3515
1756
2371
80
3493
2179
3223
1875
128
3104
2244
3104
14
3499
0
3538
3539
2288
2383
3430
2262
2471
2682
2396
3538
3190
2681
2839
2749
2950
3405
3489
1976
462
1957
1627
266
1837
448
1819
1231
2600
2706
3540
3567
3568
3539
2126
3017
3531
1795
1249
3105
2768
3353
3502
3121
3504
2195
2508
3111
3318
2707
3116
3583
2945
3471
2751
3514
1750
1747
1272
1751
3519
293
1837
1936
1820
3597
47
3227
3569
3605
3567
3571
3388
2105
3464
8
2489
2884
595
932
2734
3570
3501
3569
2583
2187
2509
3436
2360
3280
2611
3539
3624
3589
2264
2619
3440
105
2369
1746
1625
1751
3052
98
1896
1944
1914
3410
2055
3548
2737
3620
3159
2060
446
1875
3106
3463
66
3350
3655
3308
3617
3541
2571
3621
3357
3551
2988
2841
2846
3115
3586
3402
2810
2814
3512
2434
170
352
2020
269
2021
3639
1083
1080
2040
3683
1992
2103
104
2833
3606
3538
2456
2543
3650
446
110
3498
3149
3497
3308
3569
3578
2315
3662
2618
3664
2469
3547
3551
3692
3402
2745
2391
2912
2551
3633
104
760
3677
3679
42
676
3684
3684
1003
135
3688
3690
3605
3276
2611
3693
448
3695
3149
151
3696
8
3013
3467
2392
2283
3155
3031
3075
2363
3667
2400
2293
3435
3201
2587
3715
90
3717
3684
1624
3680
3681
3722
3683
2342
2666
2706
2603
2315
3303
1266
3104
2140
3736
3734
3768
3540
2231
2072
3741
3745
2983
3436
2467
3313
2400
3095
269
2652
2569
3631
2361
3667
3675
1090
1935
2205
43
1145
2955
575
1266
26
1732
2223
3763
3579
3568
3156
1342
1244
3307
3737
3733
3498
3530
6
3607
3739
3690
2579
3622
2429
2840
3778
3781
2616
2746
2845
2188
3319
3667
3313
171
726
866
2484
3794
3000
388
166
3572
2169
171
2938
3567
2970
3740
3197
1321
3243
2244
3462
3810
3654
668
3568
3774
2668
3538
2467
3666
3277
2683
3280
2715
2986
2813
3750
2846
3789
171
2920
3001
55
3204
349
2938
3775
3056
3502
1280
449
3221
3106
3611
3225
3699
3814
3701
2287
2839
3072
2611
2262
3866
2945
2944
3158
2636
2654
3121
3866
202
1134
3602
537
2249
3802
3474
3803
3773
2074
157
3807
2089
3851
3770
720
3885
3501
3229
3544
2945
3027
3362
3672
3893
2683
2237
3786
3827
3230
3856
2884
3900
633
43
12
12
3904
2310
2418
3689
1862
2035
1311
3698
3186
3536
3461
3151
3916
3549
3918
3663
3785
3322
3671
3861
2782
2299
3895
3199
3827
2252
2847
3900
45
3935
3966
3966
517
3841
2798
3842
3773
936
3205
1261
6
3736
3735
2132
18
3908
3854
3540
2072
3622
2433
2433
2988
3955
3958
2650
3782
3321
3783
3843
3930
58
176
730
3800
58
3967
4003
3968
229
1256
11
4008
4009
4010
11
3466
3617
3764
3197
932
3975
1280
3696
3946
1997
3104
3982
3815
3628
3740
3114
3394
3156
2913
3626
3115
3824
3993
2570
2326
3984
2846
3
4011
4012
46
1963
271
2376
60
4004
4048
3936
172
3692
2347
6
4041
4011
3813
4024
3620
3606
3272
2105
4018
2067
1099
3535
4021
3536
3735
3537
3949
3109
3728
2547
3986
3570
3780
4032
3320
3863
3729
3712
3396
2621
3280
4041
3752
35
3016
271
3870
57
3967
534
12
132
16
12
18
12
6
21
22
23
24
25
26
27
28
22
1
0
0
3
1
35
31
34
3
6
11
11
40
41
44
41
6
32
48
3
50
3
48
48
35
53
56
55
39
39
7
10
13
51
64
59
51
6
7
8
70
14
72
73
73
70
8
7
56
33
65
0
55
79
82
2
1
2
86
87
88
89
88
49
91
35
89
0
89
36
36
34
100
55
31
31
98
86
51
32
35
3
88
45
41
88
29
117
21
7
120
120
10
123
13
125
15
15
10
118
130
26
19
18
127
135
15
133
20
131
140
130
54
83
102
37
67
114
148
47
53
64
79
83
84
32
39
22
7
63
65
50
6
161
50
120
76
8
74
72
70
78
56
161
82
36
151
34
91
92
88
36
93
156
95
181
32
99
103
112
103
106
82
85
95
51
106
86
148
86
2
141
25
121
122
124
125
207
202
140
138
211
138
209
214
6
103
156
144
145
37
33
43
149
22
173
109
57
192
84
157
21
129
163
161
21
164
51
121
167
167
7
52
226
152
100
177
90
188
188
87
94
181
91
187
191
37
176
110
193
105
200
101
50
110
1
223
41
182
215
68
204
123
62
207
125
270
277
278
140
33
1
34
265
49
146
50
100
264
39
148
114
150
49
227
175
229
230
163
158
125
235
22
66
237
305
243
177
245
297
265
95
182
217
193
190
200
186
250
58
58
307
105
182
99
156
52
86
267
11
313
215
272
206
275
13
279
337
338
216
265
282
282
341
33
281
294
288
287
329
11
15
45
293
326
264
296
155
49
236
22
10
302
24
306
365
174
80
264
154
53
96
181
313
258
315
180
86
187
262
176
102
368
356
382
312
106
287
266
114
372
87
214
334
207
136
127
233
339
399
130
83
387
263
52
370
287
315
145
80
31
350
135
46
244
243
104
415
231
157
362
236
162
26
365
25
423
426
81
370
143
380
256
173
180
176
253
258
409
404
218
386
2
80
2
290
45
391
107
141
398
28
10
128
400
455
25
111
438
82
388
282
369
151
281
243
388
326
282
412
353
80
383
416
294
473
419
119
299
362
67
456
23
309
308
220
256
417
184
374
255
96
144
324
373
37
262
188
369
389
447
85
391
131
242
7
271
241
506
505
123
482
339
57
345
105
346
281
111
463
345
472
355
219
469
41
413
352
44
47
466
152
173
473
506
303
119
67
480
481
119
205
273
273
121
541
543
123
545
303
499
485
487
246
54
33
317
258
99
498
55
179
195
495
438
90
329
261
448
117
120
165
77
2
69
14
120
2
576
39
454
512
214
307
476
221
347
52
382
588
415
355
382
472
446
127
526
471
294
295
599
238
477
68
64
6
160
161
333
273
125
120
119
547
614
10
612
303
296
462
64
487
373
193
94
90
516
98
374
458
372
253
108
319
443
345
116
390
619
186
0
29
506
3
77
168
170
169
644
3
62
582
131
465
462
326
110
405
517
156
345
589
661
661
109
65
321
147
114
528
414
485
601
64
242
157
419
545
616
649
164
27
542
615
62
614
617
47
348
64
432
179
106
229
112
95
259
559
288
313
632
282
497
492
636
201
114
431
640
231
28
645
647
169
7
14
68
652
118
519
465
307
722
315
387
521
407
663
588
365
524
500
45
670
42
584
532
305
234
299
236
204
422
14
8
363
158
683
684
394
543
535
688
84
87
755
631
430
184
380
48
698
101
110
317
99
316
755
98
660
637
501
296
640
641
570
644
168
167
73
715
718
24
0
291
49
654
786
660
655
383
368
286
366
466
524
706
669
353
531
794
67
481
165
121
238
70
746
271
61
749
810
610
207
751
225
754
629
754
376
760
491
756
146
502
386
767
561
789
797
44
417
626
156
118
50
71
169
72
28
139
457
433
373
695
432
657
291
725
38
531
58
460
729
164
403
459
408
786
286
35
470
529
673
794
739
234
3
166
602
680
802
158
68
511
809
544
614
335
544
618
817
823
758
625
31
378
822
246
690
692
257
883
197
178
329
378
554
48
42
117
777
744
76
75
25
213
23
330
696
561
101
312
624
460
44
670
592
790
356
476
850
227
387
887
789
368
468
387
102
862
414
801
235
162
67
166
74
77
681
478
271
158
547
542
812
548
742
550
933
950
51
250
601
386
892
953
628
392
390
443
191
588
735
182
175
33
69
902
714
77
45
134
127
18
353
756
914
97
695
568
588
31
916
44
918
367
521
889
793
856
151
667
991
410
732
984
529
800
951
605
204
166
76
868
745
935
682
616
205
509
810
874
129
946
616
949
1000
933
957
383
955
518
564
492
959
45
93
191
156
964
432
868
163
745
904
72
968
350
291
40
340
693
260
924
897
929
282
351
1049
41
384
38
635
694
405
192
286
259
518
624
283
237
460
410
641
148
734
163
921
1000
717
239
73
1005
14
605
26
549
61
752
549
271
615
535
920
444
380
88
845
1024
487
190
246
496
765
889
92
104
200
449
390
1043
966
82
42
175
766
643
362
1006
64
745
119
291
292
735
794
381
666
2
997
11
657
342
382
793
727
259
81
218
627
1062
995
521
792
996
597
863
366
364
237
942
204
807
715
1076
1007
24
1079
1009
424
810
275
544
1085
177
373
262
316
562
1161
563
217
1095
755
188
556
1025
966
443
328
1102
619
154
964
861
870
61
777
167
1033
163
121
1115
42
42
191
887
112
1107
886
108
518
1122
657
287
283
1131
176
627
988
516
467
788
853
146
731
931
1106
306
27
305
1002
204
868
170
872
28
1082
550
946
879
1016
234
294
1158
912
248
1162
1229
702
314
1168
248
1097
1169
251
961
1137
104
823
80
1187
69
8
867
675
868
362
1217
50
15
1109
611
61
149
1187
97
186
342
344
93
196
1
1122
402
218
371
832
153
1062
994
472
192
851
1047
1137
1050
46
1211
1017
304
602
166
805
804
778
1007
1001
483
424
420
543
1154
1224
920
50
1091
1160
562
626
391
1093
375
1093
955
1232
766
965
861
1102
818
50
42
1245
1246
238
1248
1248
50
453
160
121
548
70
1116
216
97
1166
1232
409
181
416
1265
1138
1123
769
787
1134
1044
926
1104
1134
824
321
824
523
1278
1068
738
867
363
1318
1005
646
903
837
1147
1283
271
336
162
687
422
809
205
814
1296
722
827
1228
1230
495
1333
1020
145
1307
486
197
769
1311
1050
154
459
11
1316
939
804
1319
571
3
15
160
1358
169
353
1187
1057
979
633
1099
654
1335
1279
143
982
346
1267
524
407
1062
593
522
343
1412
853
407
223
528
1350
1071
422
1363
1144
1356
648
302
159
6
1014
68
336
1423
1013
274
125
274
548
422
1226
1302
111
765
692
1374
1401
898
1377
1024
1379
187
769
1172
447
323
1119
1265
240
1319
77
505
1215
836
1426
838
14
529
1398
624
768
1062
183
251
1264
1195
722
1261
283
1057
914
384
257
1268
475
664
928
928
43
1419
799
951
1423
674
1002
779
75
681
1364
21
13
1391
1363
547
335
13
1439
1225
307
557
1372
1162
559
1375
962
461
957
1304
720
1381
1240
1056
1119
1180
1316
867
1459
240
1465
1466
1467
46
1469
1199
346
980
966
322
1476
289
343
659
259
929
621
727
1198
1070
854
524
1066
798
998
1281
550
1493
1001
1495
1459
1249
1077
676
60
509
1557
542
1223
1085
584
628
564
1090
1230
1235
1234
554
695
958
189
821
952
193
567
228
368
241
70
1247
1528
1589
240
744
938
1532
216
1275
104
190
190
284
463
1122
289
465
1484
196
1061
1482
658
1542
295
289
1204
1418
1067
1491
1142
1352
1352
608
1389
1425
171
1436
123
419
427
1562
157
1367
1505
1506
1016
532
491
498
1512
312
696
1518
1061
93
319
342
823
1509
769
329
260
341
51
76
1003
643
1464
1589
72
125
170
1036
74
1594
461
473
458
285
161
291
1603
590
1196
1606
793
1065
1064
723
1052
1669
993
1551
733
1616
934
676
1556
608
1462
1214
61
1567
242
1365
866
481
1153
1631
1632
1654
1086
1098
912
1637
632
378
1640
326
435
1200
1451
193
961
1680
41
914
438
1316
239
807
1651
1528
1387
1656
1593
1041
1161
761
1412
161
1415
3
848
655
1130
1198
417
855
726
736
1677
1477
347
1712
1336
1117
738
423
801
1688
122
1154
335
612
935
1142
1695
1631
511
1086
761
1025
1443
1445
1301
262
1575
1275
1306
1167
1644
288
1710
1582
1173
1635
52
1652
242
1461
1111
62
1652
171
645
1783
1528
1661
1724
1166
887
702
633
195
1769
1731
1729
1128
1267
927
152
1739
1733
227
1411
1606
1209
1619
1142
951
1082
650
274
1755
1505
1698
1618
1435
1696
1757
155
1643
845
1788
1510
381
1167
1706
1192
1576
704
229
1711
329
356
1473
1
1653
509
171
505
68
15
1782
1590
1838
1496
1467
1787
913
164
623
729
983
148
404
189
1479
660
220
522
164
594
174
1606
81
1039
1682
1018
1747
1155
394
1505
947
1077
609
1871
643
656
1759
962
185
1573
1824
1448
1599
1329
856
925
1771
411
114
183
887
2
1838
805
1721
675
1777
1721
1720
1660
72
1186
11
623
693
977
1858
590
1048
148
1666
1043
297
1540
1537
854
666
217
737
1917
668
1185
1806
1867
365
1010
812
1696
814
1320
203
1812
1506
604
1877
888
1701
1229
891
704
1705
1268
756
736
1169
1646
222
1890
1760
82
1459
1462
240
868
806
1843
1784
169
1246
351
437
1906
1882
786
405
1730
1853
860
1261
323
721
1479
1127
189
314
1197
592
235
1185
1280
1925
940
65
876
616
684
120
1501
1930
1815
747
1436
1437
1502
1699
256
980
1940
1517
1825
441
1055
952
1907
555
1948
1027
492
696
1894
1318
1954
674
1957
119
1901
1461
1789
143
1596
1275
594
785
1541
1470
2026
145
1734
109
1456
1131
966
1732
621
620
1922
1115
1924
1982
1924
876
748
1630
275
1286
423
124
1988
2045
129
791
761
432
1790
185
629
144
2001
281
108
1733
1025
1482
834
1890
379
95
1459
741
1003
1004
2014
1590
2016
1529
1994
1748
2078
1081
1910
707
518
1272
914
1060
1056
468
1060
995
763
237
487
1865
1553
1982
872
940
1324
1324
1009
813
1930
1439
545
1689
1506
879
1069
1130
107
1088
1572
249
1237
1518
1275
1263
584
630
1802
1803
896
1937
1894
1365
1717
76
1352
1899
1587
69
1721
1657
1632
749
2136
751
1688
660
1535
516
403
2032
54
1672
892
1523
1204
1164
1742
149
2096
605
425
2079
2102
1437
206
206
509
1993
2158
999
1833
756
200
2113
762
402
2116
1045
2020
101
105
264
1333
146
896
886
103
1461
1463
60
1842
1587
65
1896
6
1035
1466
2137
2192
2192
111
1861
1604
1674
658
356
1665
285
1481
621
2090
56
2094
1981
2153
1685
934
2078
1870
814
2158
1994
1870
679
1857
227
1088
1095
1880
2057
460
1768
489
100
560
2225
254
1710
830
115
823
93
1717
1502
541
1688
1619
1245
617
1591
73
2193
2246
2136
545
790
1059
589
1541
1547
2203
1200
592
928
1735
2207
1744
2096
2039
2211
1079
1928
1750
610
124
1294
1154
242
1978
243
1378
1227
1374
258
1232
2256
2279
1235
2174
2230
1642
1192
2123
256
2242
2183
710
1212
2187
299
1316
903
744
2247
2298
2137
612
1523
1485
79
102
1851
2022
322
2032
144
2260
2263
950
2210
738
1752
1563
615
2135
685
2269
616
2271
1135
355
379
1242
980
1788
818
2227
832
1599
2282
1665
2055
961
1298
2233
1904
958
1107
1387
2046
164
394
1213
2295
903
2299
2350
2193
2301
144
464
1603
1047
1965
474
462
375
2007
1923
2153
1283
801
364
1083
1504
1928
1294
334
1016
2324
79
701
1761
497
1643
924
1576
1298
1192
1571
1228
911
90
199
2033
88
123
1952
306
1222
1213
1395
70
2351
2398
2247
2353
157
594
247
586
467
1273
80
2311
2209
1925
1291
1002
685
1695
1986
2414
2158
172
1569
56
1962
443
1821
1823
2280
1599
523
1884
2056
1970
1093
555
198
1949
1710
543
1559
1626
674
547
2395
1426
2397
2399
2445
2400
120
111
21
1664
850
2140
408
852
2408
1980
2261
2364
1867
360
2370
1367
548
2269
812
675
927
84
2276
1168
1161
1029
788
2035
2279
1445
630
1308
1043
443
199
197
547
2011
1318
2079
1080
545
1651
575
938
2446
2493
2350
121
519
2450
226
2140
1204
660
2409
2459
2459
1366
2463
333
1010
1225
358
2326
1907
1881
2256
1417
1334
87
1449
701
2028
696
1453
1
1420
2234
98
614
712
1217
2071
1589
2071
1144
1180
2443
2494
2537
2351
617
286
2510
1857
2354
2362
2038
2504
2547
231
2240
1151
810
1248
2511
2512
2058
1703
2473
1485
494
1479
891
2423
690
1471
342
1121
390
6
2
1084
71
71
1355
838
778
2130
1076
1356
837
8
2538
2582
2445
1364
585
664
162
1532
1040
2548
2548
1219
1011
679
2030
2511
846
556
2472
1233
928
1445
2561
2277
65
1850
327
1404
831
1015
273
904
1004
1785
938
2531
2572
1959
76
2583
2621
2493
1499
1737
2588
900
2590
2591
2547
1932
643
2316
2542
358
1510
759
2430
898
468
1763
1198
913
2195
98
1821
107
193
199
749
1720
2535
938
170
68
1785
1529
2444
2622
2659
2446
2401
872
2457
2312
2629
2411
549
1746
1562
2554
1570
97
2599
1091
758
287
2056
445
257
564
2599
2055
568
31
1214
2136
2532
1843
744
505
2656
1529
2660
2694
2538
2105
68
2664
1548
2666
2460
949
1692
2634
1819
1302
489
2675
310
2677
437
445
196
846
178
1790
693
262
2299
1952
2130
1838
1355
779
1901
14
2136
1929
2729
2730
2731
2319
2695
1084
2487
61
2700
2701
2504
717
1440
2554
1700
2708
703
1797
2640
1161
621
1764
2002
2328
1170
0
2584
2726
1357
1006
2615
1496
749
2732
2763
2764
1295
2734
2399
2738
2739
1807
865
1080
881
1205
53
2744
2471
2746
2361
2714
1880
2030
1764
1165
2753
1046
2399
2348
1466
1145
617
2127
2620
684
2765
2796
2765
2767
2398
2164
2770
1140
2210
943
1507
2420
1758
958
325
1090
1029
1766
441
1571
2519
288
1514
197
516
2788
2615
2758
745
1688
1528
2192
2797
2828
1817
2799
2800
2273
485
2802
540
1078
742
66
2304
1758
2000
2675
2559
2336
2817
494
2556
2281
2026
2821
1845
1659
939
2506
1589
2831
2857
2767
1070
2273
2835
1077
23
1002
1693
1569
987
2226
1821
1883
311
445
2422
2281
2707
1168
1575
2033
2755
2851
1529
903
1691
1622
240
2858
2887
2660
2860
2861
2862
710
1364
1363
2774
2890
319
2674
2381
2872
2518
2874
1379
979
1599
1577
1201
1430
2399
2757
2853
2239
2656
2888
2915
2621
2890
2666
299
2365
427
2292
2506
1352
591
1578
2058
977
1414
1231
2873
2054
2716
433
2521
2142
641
2570
2445
2911
1357
2913
2244
2916
2945
2537
864
2769
2411
428
2922
1141
2506
947
2705
2325
107
768
2227
1877
631
312
1998
1944
2166
1919
1701
1649
2611
2720
646
2882
1004
1366
1496
2581
2946
2978
2768
2833
2949
1492
1149
752
2923
2954
815
1069
2743
2751
517
2200
1300
1302
2964
89
1304
325
2147
1536
187
2493
2244
75
1659
1629
2133
2794
2979
3010
2247
2948
2891
2702
2864
1748
1555
2506
1153
1155
867
533
1878
694
2930
2873
1235
844
1700
1443
2330
2338
1790
2053
2623
1395
938
168
1839
2722
2297
3011
3043
2192
3013
2982
865
747
2985
3049
643
3019
1755
2955
600
2375
430
2200
182
1300
2963
1820
2169
853
1514
775
2939
2661
1530
3038
868
1837
2852
3044
3075
749
305
3014
2983
140
122
1011
609
1624
2668
2420
2776
635
2961
3028
3061
3029
1450
3064
2785
635
506
2494
2882
2790
2895
1899
72
3076
3105
2441
1063
3047
1554
28
2863
748
1504
1368
687
2808
3088
3090
1301
1308
1962
2683
766
3064
410
108
411
2970
2351
1957
1358
1113
541
1845
2977
3106
3106
3078
2209
901
2952
2100
3114
2158
947
752
3117
2499
1191
1823
1572
1645
1227
1761
1169
2258
895
2538
1781
1590
1217
3134
2856
3137
3137
3139
2950
29
2836
2239
1933
2733
3050
2314
367
757
3151
2678
1938
560
698
1061
58
2390
3159
1784
1843
1320
2617
2658
3165
3076
3167
2701
3016
2413
2248
2292
794
1107
2477
495
2424
3153
1760
2875
1576
89
2569
2583
3073
1957
674
1355
1387
3192
3138
1063
3195
3171
3197
686
2985
2865
2665
499
1880
2600
3123
1579
3206
2171
3183
392
2622
2184
2532
122
1984
507
3191
3217
3044
3194
2364
2984
3143
811
687
1748
2595
1802
3057
3228
1940
3230
2817
2933
2898
221
96
2660
1621
1002
1321
2263
2880
3243
3193
3219
2040
2631
3248
2735
612
2212
548
1626
2453
1759
1762
3256
3204
1597
3122
3207
297
3185
2659
1320
681
3252
81
1810
3269
3075
3078
3109
1617
3221
2736
3250
3222
1507
942
2956
255
3282
955
2328
250
2811
2174
2601
2938
3068
2659
425
1625
1634
0
3129
3296
2946
3298
2505
482
1424
3055
3087
2672
435
3259
2114
2377
560
324
1543
7
3317
3290
3219
810
1860
3268
3324
3043
3298
3299
2629
570
686
3307
2111
2557
1997
2562
3184
386
2877
90
376
3323
3211
1801
273
1142
3347
3297
3108
3079
3300
1282
425
3053
3302
880
2989
2375
2712
2379
2845
1850
2275
568
3035
2831
3368
3293
2440
3369
3348
3371
3299
203
1141
2098
3277
3223
2100
1752
1819
3381
553
2870
497
2870
1228
502
379
2858
2110
2880
2039
3392
3244
3371
2313
3247
948
1619
3051
2156
3275
1439
3331
3179
3405
2430
1704
1442
630
357
3289
3388
1634
1810
987
3364
2537
88
19
3120
256
3324
2926
3047
3196
2078
1493
3420
1214
2368
1438
1869
535
3403
2054
2228
1938
1242
2566
3312
1188
3341
2767
1320
294
3320
237
3440
2493
443
19
2671
32
3472
3043
2926
933
642
3453
3451
2837
1082
3143
1368
2955
3458
2329
3460
3155
883
2060
1167
2904
2888
2110
1321
539
3321
2695
3474
18
3476
3322
3296
3480
3015
3301
3147
2952
118
1874
3145
506
3403
1025
634
2377
1330
1165
989
324
2915
2393
3291
1086
2538
5
123
3531
3531
10
3504
12
3506
810
5
3534
3541
3533
3540
10
3533
3532
3532
3542
543
3546
3541
2445
591
3168
3171
1009
2985
3170
1292
3423
2268
1507
2469
250
1024
2997
3179
759
962
2228
3466
2799
2393
2210
156
2537
3551
3544
3535
0
3475
212
12
8
53
61
3534
3545
3589
3588
3552
3551
3590
3589
3550
3545
3544
3588
2398
3554
1422
3561
1220
3422
2951
2549
2686
2321
612
3564
1446
700
1089
1510
1189
1091
260
3572
2799
3528
2836
306
3577
3598
3579
3536
3581
3583
3585
3477
3547
3594
3579
3592
3597
3543
3548
3596
3540
3546
3553
2834
3602
3376
3147
483
2803
3645
2507
3517
3380
1703
762
3614
3028
3184
2473
1192
2831
3453
1351
3374
165
3577
3633
123
3627
3475
0
8
133
3630
812
3593
3591
3548
3675
3594
3639
3679
2980
864
3080
3302
2866
3662
3016
1155
2100
1506
3457
2421
1158
2675
3655
3360
1765
55
1328
3619
2696
3483
3647
3240
3420
2621
3678
3580
3582
3505
48
133
3631
3547
3593
3632
3640
3666
3641
273
3708
3682
3372
3375
3649
2865
1628
808
2984
3021
3401
2498
3088
2378
700
96
3313
2928
217
2569
3701
2494
3225
332
3274
3530
3666
10
31
3710
3537
48
3671
3711
3587
3676
3595
3595
3678
3578
3680
3635
2351
418
3684
2413
3083
2838
2263
3018
1992
3731
2552
3651
3088
2009
3654
2902
3617
1640
2685
3742
2661
3744
141
3608
2858
3750
3505
3669
3712
3755
3508
3643
3481
3511
1016
2240
2921
3373
1985
2955
3082
3775
2053
3519
391
1944
3256
2331
761
3478
2398
3017
3485
3251
2946
3789
3537
3791
3670
3669
3813
3010
3765
3796
203
2955
3019
3226
3142
3274
2792
2373
3693
2221
3432
2845
3524
83
3435
2621
3302
2487
3011
3819
3628
3752
32
3713
3507
3638
3597
3721
3853
3641
3543
3857
3715
2494
2840
1071
1873
3774
535
948
3048
3051
1435
1151
541
354
2067
3491
3357
1022
518
436
3620
3844
3824
3788
3848
3884
3822
19
3673
3855
3760
3719
3758
3635
3858
3861
3826
3419
546
3829
3606
3373
3744
944
1081
172
3776
3256
103
3027
2681
3878
3262
3416
3883
3751
211
3630
3852
3854
3919
3890
3720
3893
3636
3895
3795
3827
3833
1499
2665
3514
1015
3250
3380
1231
1188
2902
1442
724
631
3913
3914
3790
212
56
3674
3889
3891
3716
3759
3891
2493
3926
3927
3113
3557
3900
2863
642
3562
1633
2808
3381
3520
3121
2256
102
91
3941
3883
3506
48
3946
3860
3921
3892
3974
3681
3642
3350
363
3746
3146
3397
1984
2291
2631
3562
2316
3934
1096
3206
3839
229
248
3969
3970
3971
3918
3676
3552
3919
3976
3950
3950
3599
2980
3140
2239
3249
3116
1807
3482
2270
3426
2420
557
3122
1636
3910
2067
3996
3997
3971
3882
2978
3724
3725
4009
4010
1568
4012
3170
748
1697
2956
1444
691
3124
623
53
3741
4022
2887
3881
3084
3192
3980
3705
4029
4010
3175
3901
1015
1994
236
3254
1638
1707
2683
370
3210
4043
4063
4026
4008
4050
1987
3512
3827
3454
2268
3402
2421
3935
3694
1372
627
116
4064
4080
2945
3246
3196
2300
3704
2366
3772
4014
1876
3836
442
629
827
3411
4081
16
10
18
19
20
21
22
23
24
25
26
27
28
29
30
31
19
3
34
35
36
37
38
36
6
41
42
7
44
25
44
42
41
39
50
3
48
44
7
21
13
13
10
7
6
3
0
63
64
2
66
67
1
69
2
69
1
71
69
3
74
73
0
73
32
81
82
83
84
85
86
87
88
88
51
91
38
48
41
54
55
22
54
94
92
93
95
45
20
57
59
61
64
63
76
67
77
73
72
77
76
72
63
1
89
121
122
123
124
125
126
25
101
129
94
103
96
133
47
48
129
35
94
104
19
106
60
62
109
111
73
113
72
149
1
111
112
127
154
155
156
157
157
137
101
131
6
134
133
100
160
52
53
140
20
143
0
144
173
66
147
150
178
151
112
2
158
183
184
185
186
28
167
91
162
163
164
60
42
189
168
139
97
21
143
34
64
146
176
179
149
152
182
187
210
211
212
154
196
190
191
217
61
167
195
169
23
201
144
34
181
206
207
153
213
231
232
233
81
215
216
218
131
220
49
34
222
200
219
37
112
115
114
71
116
67
234
253
254
255
33
236
237
238
241
137
261
197
192
199
59
7
50
247
70
249
114
75
66
256
276
277
212
258
92
260
263
215
169
266
44
269
68
150
77
74
76
278
294
295
158
280
161
218
298
131
54
18
47
288
273
149
291
75
296
311
312
124
298
315
236
191
96
195
39
181
322
322
313
325
326
85
17
