8
3
10
11
12
13
14
15
16
17
11
5
7
7
5
18
24
25
26
27
28
29
30
31
32
33
34
35
36
37
38
39
17
4
5
20
22
40
46
47
48
49
50
51
52
53
52
42
43
44
23
54
40
44
28
44
7
60
66
67
68
69
47
2
56
57
58
70
33
21
78
19
65
15
64
21
11
21
59
76
88
89
90
60
73
74
64
87
24
4
98
42
67
83
78
86
45
12
43
86
102
79
91
111
112
113
34
93
94
83
96
15
99
4
6
6
119
48
107
78
57
128
62
3
127
22
74
130
84
114
138
139
140
12
116
117
102
125
10
98
135
105
47
6
103
108
144
7
6
2
153
144
74
4
137
141
164
165
88
122
160
117
159
13
148
94
128
46
152
154
169
5
6
98
134
179
57
162
166
187
188
60
123
184
174
103
142
143
133
150
36
152
192
107
181
162
201
180
181
189
208
209
40
122
124
205
149
11
173
160
103
146
31
200
117
2
2
129
156
4
3
196
20
132
43
123
207
210
14
100
236
239
41
183
144
3
242
74
152
11
191
184
194
36
204
223
7
121
98
147
218
99
123
228
240
142
231
46
162
81
263
67
222
117
3
158
245
57
123
248
205
175
35
253
94
158
256
216
218
255
99
269
216
267
266
267
268
290
53
177
20
299
268
128
22
303
206
10
180
304
308
300
83
252
310
303
158
16
56
309
163
296
229
294
211
42
251
320
51
153
110
10
328
103
277
132
177
331
336
295
32
324
328
315
120
109
303
326
321
325
37
213
226
346
50
331
229
85
344
255
6
330
335
134
337
329
33
340
153
0
338
286
331
265
296
182
348
35
222
224
225
220
352
36
328
5
262
330
357
122
360
130
244
357
333
115
344
368
316
294
219
295
319
208
181
328
39
7
225
2
10
408
381
49
118
257
356
336
388
244
390
391
336
393
365
418
153
244
397
371
301
401
91
364
14
403
404
37
198
411
51
413
13
65
416
81
219
415
331
235
106
371
316
424
194
369
212
398
128
234
213
369
133
17
298
82
445
25
204
110
64
147
456
354
14
133
380
289
462
86
464
280
438
14
219
385
330
452
103
186
132
78
385
442
447
484
229
378
197
108
482
404
338
261
374
159
135
372
232
226
369
3
234
465
132
232
171
120
317
337
132
471
383
13
193
437
470
366
119
511
480
23
497
380
346
95
494
492
328
417
424
491
486
78
448
355
363
325
23
354
295
124
545
383
59
149
425
12
434
354
5
274
472
260
173
545
384
551
43
19
508
512
470
344
59
557
404
559
518
481
80
22
535
541
21
538
44
414
536
153
414
229
357
336
306
368
500
446
551
128
72
73
363
291
363
576
363
98
249
591
583
604
603
559
217
603
291
608
574
383
560
592
578
330
86
359
85
619
487
624
306
583
228
587
487
121
608
447
132
594
159
301
635
159
72
191
597
347
518
497
159
122
303
551
42
626
336
225
212
641
45
123
545
617
425
648
570
578
300
12
406
416
494
20
72
426
670
366
633
661
610
399
625
154
450
216
361
597
676
504
608
42
660
686
559
378
654
406
224
384
685
566
662
490
384
591
569
537
532
352
299
668
695
288
473
59
632
490
229
336
180
503
159
124
695
567
306
158
554
680
147
699
652
357
225
605
359
701
224
332
359
129
695
379
229
730
545
72
392
4
746
655
689
628
621
17
669
331
589
15
755
537
717
371
455
354
722
371
87
693
530
582
372
664
545
148
428
734
646
153
72
378
757
244
741
553
658
341
687
21
207
774
383
773
752
753
758
711
781
441
796
761
383
690
520
510
679
419
132
225
306
582
426
306
785
483
813
332
65
720
78
599
476
668
582
808
514
597
399
818
788
262
787
597
247
794
754
711
72
688
547
799
744
590
550
341
765
552
106
19
810
268
547
331
711
22
843
718
582
247
748
852
724
758
823
553
582
759
791
828
227
10
855
450
447
509
834
330
836
230
57
840
336
0
559
157
764
805
498
82
695
811
513
655
711
180
608
851
153
247
886
65
697
146
651
663
809
892
718
255
344
235
871
521
873
875
16
406
344
408
783
899
255
510
592
612
638
194
845
639
16
899
396
386
750
654
20
884
718
896
487
65
559
635
861
932
575
944
341
886
231
831
384
870
744
134
582
488
914
441
273
109
918
489
103
733
408
636
157
109
807
4
0
733
453
273
972
302
929
971
102
342
391
975
819
22
379
104
782
982
154
697
588
442
990
564
668
530
504
386
988
669
941
58
81
941
846
244
967
552
768
991
957
482
974
694
407
1013
378
807
672
1014
585
510
1014
408
839
0
1016
1024
426
1014
489
506
847
694
489
980
21
1030
672
1037
496
444
1027
1031
43
1038
255
442
693
1023
224
825
87
984
1017
75
418
1046
274
694
771
1016
1044
485
1046
879
1034
20
956
1011
809
1050
1072
1051
726
1072
921
157
1023
1035
1026
1079
1029
1079
1032
848
971
1034
1036
696
1020
158
1060
301
3
1087
1060
530
1050
576
1031
1073
1041
429
1027
131
1040
1091
1090
733
995
1084
1042
1099
1098
1023
1100
1070
568
256
748
224
1120
98
780
256
378
1077
1123
1059
525
99
1110
820
1124
1110
82
384
1132
1127
85
288
1139
694
859
400
321
1135
697
782
121
694
444
1142
1123
1124
478
418
1126
274
622
1126
1121
820
401
630
1139
265
817
1143
567
406
1151
1140
1118
812
1129
1134
1173
1155
726
330
1155
1037
519
1120
20
971
1120
1160
1137
1189
1036
1138
1159
599
1165
1147
1167
1092
1192
429
580
1155
340
386
1123
137
1203
1189
99
430
1166
1132
1168
1198
1124
1045
1172
1159
874
875
43
1204
1224
1155
709
244
1183
916
1194
634
696
1207
874
1223
1120
931
391
1180
374
482
1231
1214
1200
1189
369
86
1204
1208
1243
173
1206
1224
430
1158
1186
444
1251
56
1245
1126
1221
834
1236
1225
1266
182
1049
1154
121
1037
23
1123
1019
1234
146
1068
1120
890
1169
1226
509
1209
121
807
1219
256
1085
1176
1234
1253
1288
714
1216
1288
874
1213
99
1168
1259
1286
1178
774
1175
1290
1267
1225
299
1127
1229
567
1274
1233
1120
280
567
107
1123
1280
1295
1299
1235
1270
173
407
1274
380
1265
1271
1258
1327
485
1204
1289
1161
1315
553
1324
1260
612
1186
707
240
1102
1020
1259
1307
1232
5
0
1351
368
1311
1281
1232
1351
1313
251
317
1319
850
1321
324
125
940
1339
984
1341
1293
441
483
1315
1042
1207
864
1282
1365
1292
1271
1338
1375
1326
1342
70
410
17
1050
1352
1389
1390
1391
1392
1392
1329
1240
1225
21
1390
1347
79
1229
1131
1232
45
1299
1278
1296
19
1303
790
106
315
1407
1380
969
1337
995
127
1259
137
1273
1417
1416
1257
295
576
547
1420
1381
1417
1369
1415
69
1352
694
1393
1437
1438
1439
1391
1395
1279
1410
1356
1399
1282
1363
57
1403
1224
129
1313
1409
1249
130
746
232
1276
1432
1211
1053
1231
1442
292
513
1276
1424
1373
154
56
1466
1373
530
1420
134
1410
954
68
1435
378
1440
1389
1014
1438
224
1438
1458
1224
273
1451
7
1394
1155
1450
217
1
1495
1377
1339
1061
1397
23
599
769
1234
984
1467
1460
1455
725
1506
1312
1254
530
148
1511
1469
1513
256
598
1459
525
355
147
47
1096
1481
1392
1486
1390
1484
1437
1530
1392
507
458
1537
739
2
1538
234
43
1087
1399
1541
735
1541
299
1
1497
510
1546
1537
299
935
1538
1061
1553
1548
940
1540
1546
1045
1553
59
212
1559
129
725
1565
567
1559
1557
1003
1562
1541
1476
1571
1576
1557
87
830
228
797
36
1351
1532
1391
1530
1590
1588
1589
1073
418
206
1546
1570
1548
1350
1544
1389
334
1573
1542
7
1550
1550
23
1604
350
489
1577
850
1596
1610
1309
1579
1571
952
1563
74
1409
1619
233
1610
644
807
1553
1578
1621
1580
1554
96
830
355
494
37
1587
1436
1439
1591
1592
1483
1073
788
1559
1623
1538
132
1607
1550
1644
232
1604
20
1651
1497
117
1563
1003
1615
528
847
1626
1555
697
1581
1001
1581
812
409
458
887
522
1625
1673
767
1552
1655
45
1341
1538
84
768
1668
276
1633
172
1525
1690
40
1388
1641
1345
1695
1014
1674
11
1051
409
1090
522
0
1657
1644
1024
96
1639
1026
244
1657
1550
825
242
1605
568
1613
522
974
306
1660
809
974
206
724
59
379
249
568
1727
691
220
1707
1625
1157
1409
824
1662
1716
1671
599
691
848
1724
1729
513
959
1725
1343
49
1696
1752
1753
1112
219
94
974
154
12
1533
1527
1734
170
1606
1712
1651
812
170
106
1739
550
1137
58
87
901
1328
1263
506
268
1051
1255
14
1386
418
929
1419
1775
901
16
965
1263
489
18
1335
54
1754
1797
1798
1798
1351
1652
1483
1709
1023
1766
1651
2
1806
1657
1770
1474
1428
152
1814
156
1795
812
183
25
1026
1221
965
25
1792
915
26
107
1449
25
1823
1387
890
1783
1833
69
1693
1482
1838
1485
1072
1393
1023
1842
1528
1639
378
1809
1550
1808
1848
1607
1675
1041
770
1825
1305
438
1837
1482
1607
1440
1651
1706
2
1482
1843
1529
1640
1762
1851
1850
1851
1713
812
1537
737
791
1857
1070
1693
1712
1393
1861
1862
1802
1846
1865
1440
1867
1868
1528
1014
1871
1873
1767
233
897
730
943
1879
834
1881
1705
1390
1886
1839
1531
1845
1840
1869
1891
1888
1527
1894
1895
1608
307
328
685
1223
1901
29
1782
208
1859
1882
1352
1906
1844
1533
1909
1844
1643
1593
1865
1805
1848
1872
1873
1897
566
821
326
1227
266
424
125
200
187
1926
1806
1704
1
1889
1913
1935
1956
1908
1888
1532
1929
1959
694
1915
1873
418
1537
421
326
1736
604
1750
28
748
197
291
267
1973
88
1951
1766
1838
1890
1762
1958
1908
1887
1960
1986
1963
224
1965
1851
1006
213
260
335
422
269
687
1714
1979
18
1975
246
829
563
524
114
1981
1705
1962
1957
1534
1985
1910
1937
2015
1933
1992
1938
1916
391
1650
1551
606
788
346
1975
478
727
2009
27
2005
1659
207
2032
480
91
1859
1389
2013
1694
1640
2041
1991
1964
1
1932
1912
1993
1848
391
5
1767
347
793
290
1217
169
521
29
2035
214
1503
1024
2039
88
2016
1392
2043
1935
1988
1988
2019
1709
971
1988
1652
2015
2076
2048
1809
1939
1851
1656
1810
590
411
217
179
375
97
878
2065
118
90
2070
1652
1904
1955
1481
1845
2046
1601
1989
1847
1954
1991
1864
2052
2112
753
2091
2092
1856
571
2096
250
665
66
1903
1953
1884
2102
1591
2075
2076
1435
1480
2048
2128
1534
1936
2021
2084
1916
1849
1766
2114
217
1776
215
26
181
2119
279
2068
60
2123
2124
2109
1866
1532
1102
1846
1803
1985
1850
1887
1527
1587
1914
2022
2138
2085
1852
621
455
1121
913
466
701
108
826
551
1385
1867
1802
2101
2042
2014
2107
1693
2019
2184
2104
2077
1843
2083
1806
2167
2165
2140
2169
257
1877
897
1856
2174
1000
2176
545
2178
1961
2153
2109
2072
2020
2156
2210
2155
2130
1480
1804
971
2112
2194
2195
1902
2172
24
2174
965
357
2038
620
68
2105
1928
2153
1987
1957
2133
1931
1841
2106
1803
1486
2240
2193
1807
2138
2049
1994
2221
1919
1856
868
410
903
639
2175
2204
1836
1890
2125
1953
1930
2260
2237
1868
2075
2131
2186
2078
2191
1882
2242
2192
2246
794
695
238
2094
947
946
928
1555
337
1817
50
1837
1863
1955
2236
1073
1761
2264
2290
2267
1937
1952
2270
2269
1851
1704
2273
756
1750
818
861
2252
728
2280
428
2205
1869
2285
1889
2157
2163
1345
2077
2215
1799
2241
1436
1809
2217
1916
2321
2320
1874
578
2274
2301
619
506
359
907
1730
2332
2256
2206
2310
2154
2104
2211
2186
2317
2314
2152
1801
2323
1873
2346
1766
1872
621
2327
26
1145
304
556
865
180
847
937
2308
1528
1982
1983
2155
2211
2287
2342
2151
1587
2322
2245
2194
666
934
28
362
345
2356
592
752
938
1756
2361
2015
1927
2338
2134
2288
2017
2368
2262
2080
1895
1435
1993
346
227
228
679
879
26
983
432
2331
764
499
945
2335
1640
2207
2258
2126
2133
2368
1593
2078
1438
2109
2319
2370
2347
1954
2295
2348
1970
1562
653
178
737
321
528
963
2254
501
865
510
2407
904
1434
1644
2071
2259
1485
1864
1102
29
1934
2130
2394
1096
2395
2347
2421
2294
2085
320
669
1132
86
496
1236
203
1163
1127
2460
2039
631
354
494
711
1747
1479
2441
2345
2042
2232
2286
2159
34
2050
2319
2258
2363
2362
2453
2348
2285
2136
2168
269
920
649
831
983
891
319
2399
2469
12
993
778
2003
39
2049
1850
2129
1907
2318
1988
29
185
414
2507
1486
2337
2320
2451
1848
1704
2520
2270
1704
1808
2515
2490
240
1009
603
787
879
669
668
295
1121
968
484
1103
963
2503
38
2505
1849
1990
1839
1696
63
1442
409
1930
2043
2517
1530
1952
1483
1894
2525
2526
236
1049
1050
962
703
1102
1117
316
1112
1524
409
1112
980
67
2417
2050
2260
2265
2187
1784
63
634
262
1958
2482
1883
2519
2485
1863
2153
2424
1872
2167
2559
2460
1345
299
2464
2561
1792
2596
1017
673
1699
1072
2565
2572
2131
2364
2110
1762
34
1463
1699
2264
2386
2152
2320
2586
2477
2167
2124
2346
2591
208
95
1695
2024
2446
1825
2599
1144
13
1102
2117
46
2265
1907
2576
1072
2447
1067
2399
2399
2549
2106
1865
2614
2138
2451
2520
2475
2619
1861
2085
1808
2124
2623
1037
1368
107
1178
737
1503
1943
1829
97
1303
496
2631
1177
2633
40
2635
2545
2414
1034
27
2561
1051
2537
2189
2645
2181
2244
2423
1956
1954
2423
2012
2259
2167
2489
188
44
733
1726
1287
2459
817
77
147
1444
824
1699
1180
2670
39
2233
2126
1752
2676
1783
1060
2500
1841
2337
1801
2683
2315
2452
1861
2686
2687
1712
2136
188
1248
1032
2696
1211
921
77
580
2701
1462
1204
2571
66
2707
2044
1754
2511
119
1074
2602
1388
2715
2615
1895
2654
1601
2454
2587
2722
1705
2021
1808
166
630
1945
1150
1373
33
408
204
1122
1129
714
1347
1217
2178
2674
2391
1017
35
1030
1027
2482
1929
2683
2139
1802
1590
1982
2393
1982
2506
2325
140
1166
1945
2728
1241
32
2763
2460
2704
490
1224
2702
67
2577
2772
2638
1794
1730
2275
1727
2314
2715
2779
2372
2652
1888
2752
2243
2271
2811
164
1213
372
2791
1465
365
2693
2796
1339
1126
76
2802
2740
24
1474
606
261
703
974
0
2837
2838
2583
2838
2838
2810
2193
1601
2100
1657
2295
2780
2787
114
1298
724
2821
2033
2034
1163
2796
1266
89
2829
1797
2831
1049
1679
191
273
2841
2839
1481
2013
2843
2554
2557
2847
1873
2456
139
1646
458
1171
1632
1746
33
1610
225
1573
2540
46
2389
2868
2891
2892
2546
28
1034
1260
1990
2840
2868
2872
2783
2837
2813
2152
2848
2811
2558
111
854
1581
406
1599
376
1655
2887
2888
1692
2903
2448
2892
2891
2894
410
2578
1458
1650
495
2612
2893
2870
2477
2837
2779
2487
2846
2419
2842
2753
2137
1712
138
2910
1538
407
2913
34
1626
1559
1924
2122
2919
1911
2892
2715
2923
1811
519
861
1582
228
2898
2931
2778
2717
2242
2615
2903
2869
2324
2907
2908
90
299
1546
224
2946
31
1609
2948
1718
91
2159
2544
2938
2720
2684
1345
1699
1811
455
1757
698
228
2930
2874
2900
2965
1952
2785
2135
2970
2242
2942
1771
123
2882
213
33
883
2980
1968
2705
50
2983
2842
2921
2752
2952
2446
273
1675
1567
234
73
1542
1956
1843
2180
2232
2244
2903
2999
2349
2268
2752
2270
3004
597
1045
2917
2496
2203
435
2040
2237
2209
1929
1594
1720
1900
2462
3024
1223
181
2866
2841
3028
2208
3030
3031
2966
2084
2108
3018
2849
2752
138
2492
245
35
851
2664
1720
18
3013
2283
3046
2932
2954
2419
2603
918
1024
748
2990
260
146
2868
3058
2933
3060
2647
3062
2816
2848
2346
2259
2850
111
2492
3041
1719
145
1757
2631
2925
3045
2230
2649
2443
1886
2561
1309
2675
943
2512
1900
2922
1484
2646
3061
3033
2349
2166
3065
1551
3068
654
126
2950
189
2890
3111
2477
1962
2775
567
2675
507
1770
122
73
513
3119
2777
2483
2647
2935
2721
3124
3123
2753
2620
3099
113
560
3102
1785
481
2389
2012
2209
3019
812
3083
1700
1458
1582
1542
3053
1095
3089
3120
2682
3148
3094
3151
2783
2686
3097
3059
165
1181
1922
1387
3078
2363
2921
2952
507
2561
1458
350
1567
2275
2643
3057
3174
2516
2371
3149
2747
1607
2522
2080
2935
1953
3183
36
160
411
3133
2620
3189
3110
971
514
2560
2773
1625
56
2880
3105
3198
3090
2938
3091
3093
3152
2875
3123
1847
3227
3208
412
357
60
2226
3158
2572
507
3211
3213
2443
3017
2588
629
3219
3115
2948
42
3225
3174
2841
3029
2322
3202
2783
3205
2543
2749
3091
2523
272
37
155
2121
46
895
3240
50
2684
1954
1031
592
3173
2129
3079
3263
3220
1054
1079
1700
3023
1553
2961
3145
2931
3246
2450
3207
3203
2523
2970
1953
1992
3032
2721
129
43
3127
2610
3267
432
3269
826
3271
36
2419
1863
2524
232
962
425
3277
1986
2072
2080
3021
2659
2677
3220
1610
2994
3316
2525
3290
2486
3177
2723
2902
3059
2505
2813
2372
505
3155
30
3304
1736
47
785
3308
30
2985
3298
2987
1707
518
3316
2891
3163
1784
1019
3283
3192
698
1541
257
3288
2996
2969
3257
3292
2940
2101
3150
3204
3297
1953
3337
3338
2547
523
3305
61
566
67
1904
2160
1087
3311
3217
197
1757
3351
2997
3215
3354
2569
2775
3020
1603
1542
1503
3361
2681
1906
2489
2297
3347
2285
2294
2125
3180
3368
3369
3335
1052
2056
3009
1764
2093
352
2217
2749
3112
3348
1807
1936
1714
130
23
3387
3214
3189
961
1141
1082
409
2776
1752
3397
3245
3255
3257
2939
2814
2754
2080
1913
3407
2488
2681
3314
2055
3411
2978
3375
3376
269
3333
2524
3228
2267
2588
1939
1847
3422
3315
3253
3455
3389
3431
725
2775
3106
2802
3019
3435
2985
3401
2521
2363
3404
3348
1960
2936
1884
2021
452
3447
3448
2547
3378
3452
2208
3347
3289
2969
2521
1872
3382
1026
772
65
3387
2100
3326
2989
807
3391
1790
3393
2602
3504
2899
3436
2486
3402
3439
3480
2986
3334
3511
2812
2049
3482
3162
2511
25
2759
189
2849
2968
2542
3261
3216
1936
2049
2919
2781
3312
3496
1095
2318
2553
2869
1985
3501
3431
2560
1796
3490
3019
2394
2588
3475
1927
2589
3063
3208
219
3443
3302
1794
3354
2866
2989
1900
140
2900
2078
3180
2749
2590
2515
2968
2750
2108
3532
3349
3276
2187
2922
2609
2500
2744
807
3139
1730
243
1811
3105
2713
2681
3253
3510
3438
3256
3331
3555
2971
3513
1713
153
3555
1710
3557
408
124
1497
277
2055
359
2225
139
3027
1893
2417
3572
2321
2267
3387
2132
1544
3573
354
3253
1986
3283
3541
1034
1109
3139
1764
1726
192
1783
2905
1893
2297
2232
2085
2649
3366
2816
3550
3553
103
3598
3599
1387
2979
2975
2030
111
3416
2505
2919
2933
2645
2217
3057
3456
2423
3614
2135
3537
2160
1038
591
3172
2869
2388
3356
3465
3021
848
779
3192
713
250
3583
10
3631
3035
1904
3634
3679
3203
3066
3178
2269
3640
78
3472
2781
3522
2865
1649
739
91
2543
3416
1913
3697
3474
2968
1989
2937
1936
2983
3616
3481
3535
3609
1642
3667
1386
2925
2976
2599
1773
201
1756
2664
3216
3688
3188
3057
2386
2084
3228
3592
2587
3526
1497
3597
3725
1886
26
1576
3222
234
2437
1479
109
2839
3649
3740
3526
3709
1096
3477
2343
3381
3706
3663
2801
2988
2773
3167
1013
321
3430
3582
2148
178
1760
3080
2614
3016
3590
3720
3441
3682
3594
2649
3445
3597
3406
3480
1830
3007
3736
30
3152
2966
3264
328
3702
3650
3382
3657
3650
1073
3310
3480
2933
3570
3492
1850
3460
194
3665
1753
3074
2773
1163
974
2596
3669
1770
1768
2116
3423
2500
3328
2181
3089
2986
3766
3419
2296
3475
3794
3772
2344
2841
1825
1540
3285
3024
2438
119
3483
2846
2905
2688
3652
3739
1914
2127
3019
1847
1961
3298
3655
2987
3532
3081
1713
3535
3704
3752
3166
684
3825
3672
1786
169
3242
1812
96
2861
3788
2101
3678
3202
2152
486
3479
1849
971
900
3018
1024
3776
590
313
791
23
3727
3455
3493
3204
3654
3833
1964
1890
3335
2393
1914
3839
2839
3441
3566
3533
3844
3750
3836
1799
120
261
3601
2600
3852
3242
3900
3313
3675
3857
1072
2386
3860
2906
3596
3641
3443
2903
3867
2723
409
3010
458
1022
865
997
3180
2520
2721
3347
2443
1992
999
1591
2245
3791
3539
1886
3841
3770
3499
3654
2714
3001
3495
3892
2802
237
234
3601
1078
3754
3805
1768
1730
3758
1622
2569
3198
3638
3125
2688
3551
3162
2846
3863
3488
3111
3497
3914
959
407
1014
157
1141
611
3432
1050
2812
2048
3833
2245
2524
3499
1805
3255
1762
3887
3921
2654
3001
3657
2952
3891
3350
2625
3586
3757
195
3944
3898
2863
1790
569
3951
2867
3363
3726
3955
3727
3957
3065
3686
21
3864
2153
3913
1497
2600
379
2886
233
1975
3915
3496
567
2873
3368
2124
3530
1
3975
3837
3548
3727
2588
3263
3273
3634
2842
3297
2021
3842
3795
79
3846
3507
3992
3578
191
3995
17
3561
2143
3104
2602
4001
3231
2244
2619
3516
3311
1882
3499
3909
78
4009
1087
65
1497
2197
1074
901
1576
1127
1503
1774
109
4020
3514
3294
3455
3888
1608
3782
3961
3262
3154
3719
4075
3889
3457
3110
3701
3843
1658
3750
3049
3391
4066
1088
1723
8
3
2
11
3
3
4
6
4
12
2
10
11
19
5
13
13
19
24
24
12
3
5
31
31
7
34
7
31
28
2
0
40
11
1
43
44
43
2
45
48
49
44
47
48
40
0
52
50
46
49
56
1
0
43
3
35
34
57
61
11
7
13
4
37
21
25
11
5
21
76
34
29
30
31
6
6
34
33
37
45
62
45
52
56
90
1
39
90
5
65
34
40
61
55
95
102
42
102
61
43
41
62
101
102
55
52
111
11
90
114
68
96
114
52
82
99
65
20
78
74
127
128
26
127
25
30
15
84
4
138
136
6
74
78
124
20
13
23
27
81
82
33
86
147
20
54
106
59
67
67
60
109
41
158
104
53
111
108
1
64
65
161
94
110
70
32
23
129
133
75
80
2
5
84
183
184
65
88
113
89
92
44
118
47
52
98
186
54
46
103
199
161
167
41
193
47
199
106
155
96
95
206
39
95
21
61
150
125
34
130
131
220
81
143
27
135
184
184
220
146
174
24
98
38
22
32
186
152
38
208
57
160
163
58
165
103
158
241
101
166
168
36
35
109
53
42
7
15
32
133
147
132
75
181
226
264
85
237
253
112
68
270
107
120
194
195
86
55
155
104
200
197
111
203
162
199
285
283
277
117
119
105
123
37
275
126
221
296
26
228
224
31
138
184
77
131
82
224
64
31
223
175
294
237
75
277
269
48
241
242
318
214
57
162
317
209
90
169
252
212
189
11
72
23
258
21
175
4
82
302
265
265
195
187
278
109
205
93
345
197
294
31
122
103
96
205
54
166
203
78
213
105
113
296
122
161
42
0
124
217
176
297
224
29
221
307
150
139
10
30
223
298
26
333
310
311
99
37
314
356
240
242
254
50
323
94
317
165
214
111
327
66
356
192
331
258
73
12
301
332
182
340
411
267
362
253
190
272
114
111
275
32
117
39
193
284
364
282
21
162
212
425
358
208
364
291
215
151
386
70
371
130
219
128
145
307
175
30
35
309
233
28
262
146
235
369
260
428
197
50
318
158
245
191
361
167
157
317
281
215
99
357
94
335
387
387
335
139
32
185
7
303
410
479
406
191
128
58
278
131
420
309
423
288
197
486
116
428
366
62
492
110
289
78
288
345
366
368
125
370
228
373
262
374
378
375
447
186
260
75
519
178
507
508
456
289
316
91
391
189
244
156
49
499
532
357
469
65
282
172
55
150
231
491
331
138
408
225
16
83
482
226
36
23
534
533
122
486
423
181
448
31
46
558
457
355
268
220
68
287
432
556
278
239
367
437
86
552
442
443
373
297
177
445
236
186
519
296
453
217
237
525
389
459
528
485
530
460
108
241
430
108
367
99
171
91
0
258
10
147
141
79
545
14
337
337
293
409
550
84
577
393
533
243
51
164
1
235
32
51
556
188
107
432
503
502
221
358
354
346
398
522
152
509
371
581
305
372
151
454
369
133
384
575
517
10
402
458
466
594
462
171
207
534
60
538
357
400
7
289
201
168
306
542
134
13
256
23
545
6
5
339
72
453
551
628
532
567
485
119
606
87
561
562
160
366
105
660
418
556
497
563
634
366
128
574
312
446
645
708
645
150
175
589
642
304
81
311
312
36
25
569
395
527
594
271
191
203
253
728
323
171
535
602
170
417
62
387
451
311
20
77
677
72
16
184
682
680
264
552
7
89
272
595
688
212
181
691
5
488
632
113
283
205
505
699
321
330
635
765
234
386
334
709
773
228
717
653
523
223
27
712
585
655
698
526
624
724
660
761
763
629
344
688
248
540
603
532
626
446
514
680
545
181
74
678
140
548
82
341
98
534
392
362
277
95
627
692
434
763
192
213
790
699
396
89
119
638
374
437
98
707
774
710
219
453
776
717
251
86
512
445
706
643
121
722
786
528
730
731
93
208
766
348
794
19
796
393
737
129
136
72
443
743
806
737
339
481
201
657
344
155
418
756
830
351
210
794
601
116
624
101
428
465
394
415
701
92
443
648
714
578
832
579
646
836
837
99
82
384
749
654
571
657
824
847
788
356
56
131
848
213
425
855
170
785
739
674
613
257
862
83
84
680
153
340
714
895
776
27
815
717
323
346
878
394
329
727
245
727
605
221
57
216
757
843
892
143
19
299
711
895
386
672
474
342
952
886
903
723
847
625
726
938
591
243
564
703
913
252
915
153
520
835
679
441
336
612
30
547
183
926
927
927
950
351
315
933
471
355
115
494
695
725
505
321
526
399
757
552
406
946
305
581
780
951
517
342
342
641
552
827
457
390
905
961
726
990
845
763
117
880
12
796
845
971
452
306
831
74
801
474
2
340
982
1034
1034
198
422
423
876
498
430
669
279
572
362
359
290
761
705
712
1028
1001
129
710
382
836
589
1007
714
771
354
902
393
597
393
1015
427
163
1019
825
167
667
322
673
521
515
834
737
135
866
922
1035
1083
982
13
911
281
963
1040
761
1046
463
637
939
566
984
999
945
1001
891
1002
841
649
576
816
1098
1061
637
1043
658
242
881
53
598
1069
1115
463
167
312
465
45
672
233
261
515
646
382
264
617
1084
1131
836
1086
994
433
656
245
558
661
315
1068
202
540
837
1052
1053
512
833
519
951
1051
998
560
1141
570
1064
659
910
166
115
390
622
885
43
1120
172
44
808
337
1148
128
575
587
3
809
1132
1177
1034
1134
696
871
422
427
355
288
325
360
849
1097
1146
1100
892
372
984
944
1107
829
23
1155
656
1013
905
160
358
728
658
664
48
1166
1206
175
679
524
220
385
587
618
1082
1178
1220
1083
1134
26
872
907
115
638
268
938
208
1190
772
1053
948
1100
738
385
781
1152
642
110
1137
785
993
461
1117
851
164
845
487
625
468
626
1023
108
776
974
222
888
175
1217
1129
1221
1264
1132
1223
13
823
204
1242
496
853
407
1238
1233
1234
1277
298
711
1098
874
816
1261
563
1243
1157
391
907
637
846
1202
664
357
125
201
928
840
1077
541
148
76
1175
264
1265
1305
1178
1223
1224
402
502
939
1289
1232
1000
1278
1316
234
1145
405
717
154
1243
958
345
1288
107
503
395
1065
625
1293
167
1295
1256
1321
745
382
139
302
136
835
780
873
806
1130
1306
1347
1084
24
273
1322
501
365
41
1097
590
1317
1358
149
333
954
1361
543
1323
1324
910
322
1226
785
790
686
359
595
52
448
66
3
798
739
183
136
22
411
6
1195
141
550
140
1348
1390
1265
224
765
568
143
1106
1191
1359
1278
1077
1362
503
1049
402
663
1288
1226
1162
159
1373
764
43
1295
1195
550
410
181
806
264
835
478
265
477
1391
1425
1305
307
986
1029
1363
739
1399
1433
1299
132
18
844
1286
397
1407
239
593
996
198
1163
202
61
717
1379
717
226
176
1081
1452
1421
1218
481
1426
1459
1306
1308
18
1415
1276
1433
1359
307
580
388
1365
1406
163
656
531
527
788
1325
623
1121
690
1083
745
682
15
1339
866
378
311
137
1176
1460
1492
1347
300
983
769
1466
1277
1301
381
238
1365
845
1367
554
1442
59
852
753
1252
722
1132
137
682
71
1263
134
1212
922
1491
896
713
1523
1524
1524
1493
1085
1035
1497
1498
1434
1301
1503
1504
1477
165
789
460
1411
661
1291
118
1448
1221
30
1384
679
76
1422
1082
1458
1522
1525
1554
1555
1006
1527
1220
1530
1531
1003
709
1300
783
871
1201
1440
1112
1248
459
1020
751
462
1208
1119
1220
1546
1547
17
515
1489
1005
1556
1584
1584
1558
1220
1011
1561
1563
1171
132
799
1565
1136
592
812
322
1046
1505
1188
1292
726
268
1545
923
1457
802
375
921
1083
1585
1613
1523
1587
1221
1589
844
1590
513
1401
475
1352
851
1405
1568
1368
698
1479
959
1472
961
282
1544
1307
1550
1304
514
1004
1381
1346
1616
1643
1426
1497
1109
1620
646
1435
381
1310
704
1444
1536
1600
1329
1202
1472
697
1605
1606
1384
176
1495
301
137
1644
1668
1460
1646
1647
1648
582
1468
1125
1619
220
1244
1536
287
1111
1631
254
1227
268
113
1464
1482
1384
1515
542
1666
1219
1669
1695
1348
1671
1498
378
1235
443
1650
1421
130
1652
1110
1016
397
209
593
1711
322
908
1686
367
1450
1220
1579
1025
336
183
1696
1723
1347
851
700
1466
375
779
1675
1004
607
591
1625
722
792
1681
159
1658
686
786
666
1306
1719
1125
1637
1724
1748
1264
1726
635
1467
1299
1126
1746
1297
1438
1137
530
291
1113
1739
1712
1114
1574
962
1717
1718
1419
1304
261
1637
1694
1749
1775
1529
1647
1751
1499
1754
1731
1732
944
262
1310
1597
789
1629
1630
904
1791
825
156
1017
1165
1392
747
1423
84
1639
32
1770
1776
1804
1777
765
1779
1147
1781
1342
1772
385
642
1785
1323
962
1738
1291
1682
1819
463
1794
109
1086
1461
1547
183
1812
1803
1805
1831
836
363
1560
774
1810
1665
1692
1813
999
1502
1439
1369
1250
1065
1539
1599
1766
40
1456
1718
1827
922
1360
1747
1832
1857
1284
1678
1835
1591
1650
1855
1583
1841
1842
1759
1761
1250
1790
1683
1821
365
1714
367
1688
1131
1853
1828
300
1830
1858
1858
363
1400
1754
1674
1464
1557
1675
1534
1707
1764
1820
1871
1507
292
1347
137
1175
1486
264
1812
921
1774
1883
1831
1885
1809
1863
1610
781
1557
1025
1124
297
1244
1895
1873
1015
1229
1685
1768
1265
615
1486
545
1341
652
1666
1907
1883
1909
1531
1299
1035
1755
708
1870
1894
1792
1920
464
168
1924
1264
1839
717
861
142
1027
302
1932
1884
636
1935
1665
1937
1863
1917
724
1921
1872
1896
1944
1877
1588
1851
737
715
1360
257
1954
1857
1934
1316
1581
1131
1622
543
1311
1626
594
1846
1740
566
94
1460
149
372
181
1101
1481
1974
1908
1956
1234
1936
1349
1912
717
1436
1062
1983
528
460
1446
1964
1626
1492
1101
1274
1956
1995
1975
636
1861
1149
1978
1297
1103
2021
475
1758
1918
1763
1986
1790
402
1378
1946
1348
1003
1981
844
1967
2015
1669
1834
1317
1837
2042
1301
1704
1624
1787
391
1985
1941
248
1945
1527
891
55
421
909
1994
2038
1776
1834
2018
1590
1754
1757
2025
1940
2028
1478
812
1167
103
2037
1461
1653
1549
1971
1396
2059
1805
2061
2062
1730
1592
1174
1969
2000
2066
1962
597
1655
1161
604
2032
1426
828
2035
473
2079
1804
2081
832
1781
2085
2073
983
1595
2047
319
246
1013
539
1796
1616
1653
40
1315
78
2099
2080
2017
2082
1125
1887
2083
1464
2073
720
1868
1984
67
2091
1206
97
1644
2115
756
2057
2058
1459
2113
528
2038
1706
121
773
1999
1079
2125
1948
1839
981
387
1439
2130
1066
1847
50
2039
457
114
2097
2118
1493
61
35
1534
2116
2015
2144
1672
1621
2147
1500
2123
2064
1913
916
2154
2006
2131
318
1536
2159
2160
1549
1860
2168
1460
2165
100
2167
2143
1226
1752
1193
1103
1991
2175
2176
2177
2153
2129
2180
1713
1287
45
1695
297
1099
356
1348
332
72
332
2190
7
2167
1481
545
1607
1928
1928
2221
408
2225
1802
923
2213
1750
2194
886
1836
2022
1675
2199
2044
1948
1784
3
2203
2048
1368
2157
2207
2184
949
1860
873
1925
2228
2220
2216
0
650
2211
1607
2228
2257
2229
2214
2258
2261
336
801
2263
1221
2170
946
2020
1079
1148
1729
582
1151
2202
2005
2242
621
2007
1576
2208
2172
2209
1306
477
1424
2253
713
758
2188
2260
1030
2224
2214
2222
2226
301
2265
2257
1559
2231
2269
1912
1123
261
708
1958
776
577
2240
1567
2155
2206
1071
2134
1668
2084
1676
1215
1347
2261
2263
2288
2191
829
2188
2262
2259
408
2322
2328
2264
2331
2230
1808
2233
231
978
333
1991
2318
1990
1783
950
2310
2312
2204
1632
89
2031
2094
1425
1938
2149
2086
1305
2331
2215
2254
100
2166
54
448
2327
2358
2227
2299
2366
1130
2366
2335
2171
1862
146
2339
2338
1623
1101
2200
1970
799
2347
2278
2349
191
2031
1558
2043
2147
1426
2371
2324
2217
54
327
2168
2220
2224
2298
2328
2358
617
2334
2266
1132
2144
2196
2375
1361
780
672
1701
1649
2343
1321
2045
2383
2109
2205
1573
1378
2053
2389
2270
1644
2393
402
2362
2193
2336
2307
2001
300
978
1700
2432
1783
607
453
1268
2277
2419
2349
197
2105
1577
2424
2356
1669
2427
2395
2429
2169
2302
2337
841
445
2174
440
2438
1594
306
2418
1116
2420
670
2423
2043
1832
2451
40
2364
1994
2220
2398
2213
2292
2251
2263
2478
1265
1474
2269
1730
2439
2273
1003
1838
2416
2338
2464
2110
2279
1114
2119
2426
2360
2217
2453
2473
2333
2401
2503
409
2292
2295
1642
1177
2483
1910
1456
1077
2019
2425
1915
2492
2027
1627
44
2496
2497
2166
2289
54
976
2226
2369
2258
2400
2402
2508
2406
2407
2102
2461
2271
2342
2236
2536
1393
2442
2465
1765
241
2521
1643
2393
196
2256
2400
2504
2503
2530
2553
2482
2431
2374
1688
2487
1649
2200
1866
2160
1324
2543
1573
160
2546
2547
2218
2550
2329
2528
2334
2294
2332
2556
2122
2172
1877
2235
579
1781
1275
456
2517
2028
1787
2569
2570
2571
2365
2227
2229
2293
2329
2399
2481
2230
1886
2536
916
1916
947
2380
1007
1470
2565
2493
244
1988
2590
1616
1404
1534
2193
1780
2308
2106
644
1076
1851
1841
1734
2067
1894
2030
2113
2613
2630
1696
2579
949
2602
2490
2535
2238
313
1758
2089
1506
2422
2631
2644
1695
2633
2561
2238
2021
2012
2634
1195
2310
2640
724
1208
112
2446
2645
2660
1347
1977
2022
895
2459
2514
2309
719
2107
2626
1682
112
2661
2674
1643
2663
2619
2490
2604
2460
1969
839
2670
2641
751
2352
2675
2688
2662
2601
2678
2462
2538
2561
2668
260
1310
2685
1296
2689
2701
1989
2691
2692
1915
2651
1702
2461
2683
1438
1330
1820
2702
2714
2095
2677
2448
2707
2708
2649
475
1141
2712
1792
2715
2726
1390
2041
2718
2408
2692
1815
1655
2518
2727
2736
1306
1753
2389
2637
1756
2416
966
2699
2687
2737
2747
895
1399
2424
2337
2274
2065
486
2656
2520
2748
2758
1132
1728
2042
2233
2083
928
941
2756
2746
2759
2769
2162
2717
1960
2303
2238
2084
2641
2770
2778
1034
1561
2124
2511
2150
891
2089
2779
2787
2749
1673
2739
2197
2776
724
2788
2795
717
9
