16
5
18
19
20
21
22
23
24
25
18
6
8
11
13
8
26
33
34
35
36
37
38
39
40
41
42
43
44
45
46
47
48
25
7
28
30
32
49
55
56
57
58
59
60
61
62
60
12
6
66
29
31
63
55
8
13
11
37
6
30
74
70
79
80
81
82
55
3
65
66
67
53
83
42
30
13
73
6
18
72
24
76
92
78
5
89
90
104
105
106
79
86
87
88
73
54
34
7
12
15
15
113
63
76
73
92
93
11
72
119
5
52
125
72
93
124
93
107
135
136
137
44
65
8
28
142
141
68
112
33
12
148
12
14
14
127
57
66
100
8
157
11
159
157
73
27
29
160
157
158
93
167
138
170
171
172
21
15
28
166
177
166
123
125
24
148
67
8
14
69
57
15
123
112
178
179
14
3
159
196
192
178
15
162
173
202
203
105
117
198
198
180
127
148
192
186
11
95
49
189
191
207
166
14
148
130
219
177
15
14
204
228
229
70
226
224
192
159
124
20
116
207
186
94
48
200
233
179
15
115
223
233
151
12
230
252
253
49
150
152
244
212
13
19
238
219
123
153
41
189
198
3
3
179
11
246
5
12
207
214
166
117
15
251
254
22
275
282
285
26
232
207
155
239
227
18
206
233
132
101
43
267
192
195
115
116
273
274
207
13
148
279
281
286
261
29
56
12
201
311
80
186
289
195
31
198
151
27
118
258
92
265
38
299
178
3
307
148
7
7
312
208
334
336
317
261
315
297
46
148
132
342
79
213
29
352
101
122
353
352
226
96
14
125
361
356
362
235
260
139
363
29
333
182
52
363
366
349
293
12
77
216
175
123
375
62
77
196
159
20
122
385
196
117
359
389
235
393
196
374
42
275
395
370
23
65
395
97
382
280
365
216
141
67
134
382
59
384
196
5
337
18
31
395
272
15
18
11
360
197
6
124
421
292
43
399
393
2
397
237
99
389
405
349
407
408
47
189
66
269
3
28
413
414
429
125
418
419
164
393
358
102
426
125
95
420
395
324
139
438
385
435
182
377
393
313
19
316
253
442
443
46
11
448
3
18
482
450
59
131
160
341
474
456
389
458
425
160
215
463
393
14
423
466
395
5
436
343
395
76
19
235
170
378
25
477
478
44
214
485
79
428
355
310
419
467
385
150
424
355
474
523
390
500
20
121
132
241
402
102
393
503
283
117
471
389
6
279
175
428
22
167
504
19
189
181
21
52
124
329
21
377
519
78
68
78
222
389
534
475
19
549
557
336
454
23
552
215
532
145
553
517
23
100
6
521
503
529
159
525
5
72
586
528
421
391
20
7
447
549
556
575
128
537
389
539
20
541
564
543
87
29
547
19
142
555
550
279
296
113
32
161
429
329
183
533
296
92
128
542
385
534
516
576
111
187
21
571
487
127
615
124
575
618
131
527
579
532
639
583
260
421
587
102
73
310
13
585
272
521
251
421
566
101
32
506
297
380
421
421
66
163
129
396
436
477
566
260
6
195
365
534
18
308
541
670
624
235
582
666
196
668
669
491
328
174
433
629
54
673
566
128
677
190
412
644
96
94
531
419
601
389
650
121
148
522
592
310
433
687
132
292
6
2
663
508
655
666
8
85
275
670
565
374
513
671
654
700
628
132
303
546
691
393
65
735
667
676
211
729
736
113
280
740
534
732
678
676
395
679
703
526
214
431
102
743
196
116
532
30
712
648
395
246
149
740
717
227
720
722
424
724
404
85
206
687
625
753
385
88
725
117
361
783
11
742
791
480
582
782
717
69
789
666
13
785
688
747
439
758
568
125
397
480
649
706
128
480
658
708
524
115
585
606
592
755
393
507
424
677
410
404
575
116
794
365
403
421
144
687
275
800
791
175
447
269
400
269
796
832
328
839
741
582
724
836
666
284
807
27
578
762
674
93
115
22
689
74
860
307
5
200
860
544
347
860
8
841
870
617
333
110
870
101
116
866
883
792
519
674
270
883
307
423
117
860
269
752
423
88
333
887
668
882
889
674
480
175
866
280
85
886
566
888
883
765
856
25
480
866
862
915
898
674
251
869
674
796
280
870
875
924
877
448
128
909
132
610
128
642
902
534
183
873
902
358
926
887
12
447
593
474
920
534
931
936
938
903
85
937
132
280
274
65
941
889
650
914
22
916
860
489
24
967
921
868
866
851
944
698
14
676
876
611
952
462
924
374
66
954
566
851
987
566
189
868
315
945
149
813
539
893
215
986
990
93
76
872
566
221
680
933
987
992
965
580
950
534
336
439
166
859
860
922
866
274
544
1009
13
3
978
1014
1003
119
575
983
698
374
32
866
1029
934
905
883
141
860
992
946
999
599
21
260
893
54
1036
893
883
1004
994
1006
281
1040
866
1042
674
1011
1012
21
811
893
51
110
1069
726
701
93
1021
860
2
676
15
1038
5
1028
980
23
979
674
603
588
503
893
1038
654
1059
903
1001
991
74
755
924
845
1047
778
860
1087
1087
1037
1090
1004
1025
1007
868
1025
639
1025
1063
1064
508
911
910
1097
1118
1071
1020
868
1072
260
726
12
721
1085
1028
1072
825
863
321
566
469
778
1124
481
701
76
1078
1124
31
95
1072
992
676
957
660
141
1065
145
534
449
102
623
951
1119
934
74
403
674
8
1058
217
873
1145
921
345
1115
74
270
736
481
588
628
448
795
733
802
1080
1173
671
588
85
2
1183
625
214
269
456
1003
1170
27
1187
1192
1026
374
125
1188
235
195
676
555
507
480
1201
53
446
1201
802
74
1207
773
394
630
455
1176
365
157
424
726
691
1026
1190
1205
78
1204
565
1151
102
1078
1224
410
1191
628
377
1115
1065
5
842
596
482
1242
448
1223
1207
842
121
423
194
1242
142
480
2
1241
1249
662
676
842
814
473
863
1257
269
814
401
503
1248
1266
76
677
1249
366
260
1242
814
67
1277
1004
1213
1260
1245
1271
164
575
31
1261
164
54
73
1280
811
1270
935
32
1261
76
1155
1276
1298
214
28
1293
1238
1239
568
1283
1284
1284
1241
1200
1284
792
1182
1245
588
1026
1256
1317
507
1311
1263
554
720
1253
1268
1292
1245
979
842
440
260
1187
1253
1279
1330
195
1318
1309
1310
589
474
1172
1249
386
1269
1284
1331
596
810
1341
482
825
1301
1336
1304
1338
1194
1012
141
571
1363
269
1363
1364
1365
1366
595
333
251
14
1369
595
30
1354
1369
448
1276
1366
1191
550
932
1381
894
1344
1378
842
1375
397
260
1385
931
480
1393
675
30
1374
1381
103
73
1378
201
1402
1366
946
269
12
247
436
159
1385
1355
417
1367
668
1395
1367
1268
1307
1362
1374
3
1399
595
1399
333
54
11
1399
1376
128
1374
428
1187
1378
30
98
8
1388
374
31
1423
1368
1438
387
6
1388
1331
1388
1228
77
1448
1425
1343
503
1440
1369
1347
1443
1369
946
1409
7
1446
387
1430
1381
610
654
1378
446
1026
1451
1307
1308
149
1478
1409
1479
1478
302
1481
72
215
792
1481
377
1026
66
1488
72
1408
1481
1466
554
1164
1481
1136
1156
1488
1463
1465
504
214
1488
1139
727
1479
1339
766
125
1502
344
455
1481
7
1221
1501
1514
1504
23
1073
1484
78
1506
1481
446
815
1481
1511
1476
141
1502
1483
1517
1502
1288
843
1538
1026
1534
1484
1026
1509
1478
103
27
87
1487
1479
1086
1527
1502
440
20
1513
1528
755
1546
149
1132
1497
1538
1526
1498
1479
1519
1554
1492
1383
652
1525
1222
1488
1529
1561
183
1360
965
1491
1514
335
1583
772
734
1540
1488
30
449
1571
1494
1479
77
1051
32
155
1488
1553
960
1576
1383
29
1492
1148
1578
275
557
1582
1479
201
1570
772
1429
1601
1528
1383
1269
1589
1051
1551
1478
141
270
1607
1519
485
1310
1349
582
1585
1536
1555
31
2
1636
721
1502
1590
1161
1544
1636
1576
180
95
728
1622
1562
1035
1616
1478
428
153
74
1604
1495
1606
1492
1031
1645
1488
1612
1631
1594
1051
1651
1649
1654
1575
1657
96
1648
222
1658
1484
557
60
484
25
1284
1637
1682
1683
1684
1685
1685
1610
1514
1607
1611
11
1683
1567
1594
162
1639
563
1644
461
772
428
1602
568
1690
519
532
1339
1055
1594
95
1126
1671
857
1550
654
1662
561
1667
559
96
1705
702
699
516
1613
1674
857
1589
1711
1607
1217
80
1637
842
1686
1736
1737
1738
1684
66
545
1742
391
3
1743
1742
76
1684
874
1746
313
1746
175
1231
1753
1746
142
802
1743
440
726
1753
1489
168
1762
1597
1694
149
94
745
1481
654
723
1652
1664
1478
412
32
1662
1773
1762
1746
1764
322
544
1151
1779
1772
516
28
1717
446
1662
689
1733
1636
1735
1739
1734
1798
1686
269
1737
932
1756
280
1077
1756
1748
1749
1753
95
1753
157
6
1
1813
1806
545
609
1759
1742
440
1818
1756
461
1745
118
1805
1743
639
1828
1742
146
1808
1819
217
1721
1746
1112
868
1806
461
544
1829
1185
1840
1770
1845
1834
94
1833
545
112
215
571
417
19
572
47
1335
1801
1683
1803
1864
1863
1684
1865
1685
932
1850
1746
699
1809
8
1335
1683
1872
545
1842
1743
1299
1
1817
1879
1809
461
422
1823
985
1881
1837
380
1874
1812
1836
1882
680
1837
1815
1228
1853
1823
668
1893
279
825
1897
1742
1303
1903
545
446
1809
575
418
341
969
48
1797
1867
1800
1921
1921
1922
1800
1310
537
1886
1880
1847
1757
1876
1877
1682
588
1906
380
1884
1884
1741
1900
1221
1141
1743
1466
1942
1906
1299
1912
1907
1782
1933
128
1806
1815
1795
1909
1820
95
1948
1893
507
1959
279
1911
1875
1951
117
1155
18
1917
1858
1860
46
1925
1869
1736
1865
1681
1685
1629
333
425
151
1986
1987
896
1185
1987
1986
66
0
1994
1994
1682
1285
1991
1999
978
11
1940
1884
588
184
185
2000
473
28
2000
1947
66
2000
2000
76
1624
448
1999
142
1246
2019
1051
215
1027
1986
159
1795
576
2007
1987
630
87
2014
2019
181
745
226
1991
162
1260
6
2022
608
2022
634
1972
1859
56
1981
1737
1983
2052
1310
2027
87
20
1271
1312
447
611
66
2
1995
1996
1927
932
20
1924
424
2003
1940
588
456
177
1986
1263
2010
1999
1496
668
1271
2042
2015
1228
95
845
151
1155
2081
2078
1971
1957
1241
151
535
22
1354
176
151
1590
532
2041
932
2014
1132
87
781
2095
101
2081
2018
978
54
2090
2007
1971
81
2053
2119
2120
1629
1219
197
177
2086
827
410
215
1979
1862
2082
2006
158
2002
2071
2071
936
178
155
576
2008
436
608
1286
689
845
1231
1083
1580
814
1557
19
1266
567
24
1679
1269
863
184
2055
2024
1191
1100
483
2158
26
1563
863
2150
61
2121
2172
2173
2174
447
1636
2065
1734
1924
1245
2071
0
1884
1994
1
3
2136
1
2185
2072
163
1944
1417
2083
1991
1556
23
158
1957
2164
19
1256
1580
482
2170
102
41
1618
20
2199
2128
33
482
2209
2205
1680
2207
104
2050
1799
2221
1979
1310
1802
1242
2225
1978
1242
2182
2189
2231
2187
2188
2183
2003
1325
447
507
2008
2206
1476
644
2220
1739
1995
2245
2246
1927
3
1799
1245
2227
1869
2229
2003
1995
2189
0
2187
2235
2235
2184
2258
2004
1549
2038
499
894
186
2270
654
2241
2242
517
1981
2064
2178
1683
2248
1738
2280
2131
2251
2226
2253
2250
2131
2233
2261
2183
1995
2260
2263
2231
2185
2262
2005
240
718
923
1154
1677
2274
2243
2252
2063
2277
1684
2278
2222
1997
2176
1739
2306
2253
2249
2291
1940
2291
1994
2293
2231
2295
2320
1884
141
2299
534
2328
1700
2201
2304
24
2155
611
229
2220
2277
0
1682
2310
1982
2287
2343
1978
2286
2346
1868
1803
1245
2318
2184
2257
2233
2230
2277
1
2327
938
125
280
583
349
1653
57
337
1453
22
243
228
2338
2339
1996
2342
2349
2223
2348
1927
1977
2287
2375
2249
447
2262
2258
2318
2355
2319
2296
1995
537
2039
903
997
286
1548
1121
2303
39
595
549
881
1409
168
204
2372
2373
2221
2315
2288
2344
2343
2380
1924
2051
1242
2385
2257
2321
2389
2064
2353
0
428
499
1610
226
2300
382
1518
624
2073
1595
47
946
199
93
280
336
619
2332
135
2407
2308
2382
2312
1863
2410
2349
1284
2321
2412
2286
2418
2277
2355
2339
2423
428
87
2265
308
93
761
342
2401
2027
2073
597
858
39
2436
198
117
51
177
296
620
137
2244
1637
2446
2377
2313
2481
2447
2351
2259
2378
1866
269
2455
2064
2289
2390
2290
0
102
141
2190
1972
7
13
2465
342
148
270
263
566
2399
558
2508
258
2200
1266
636
135
2411
1686
2483
2447
2414
2411
2453
2415
2287
2417
2340
2228
2525
842
2352
2339
2495
2497
2386
1817
11
2422
1
1972
2511
254
211
244
514
34
750
2514
295
556
106
2519
2307
2307
2282
2416
2176
2313
2524
2413
1187
2380
2342
2285
1977
2533
2456
2353
2423
2320
2235
3
2357
807
2545
2546
2273
993
2550
2514
695
90
2276
2340
2308
2284
2485
2527
2486
1797
2383
2574
2340
2524
2254
1862
2568
2494
2295
2571
2537
2186
2458
2576
262
1260
323
2505
24
2549
2581
2514
264
83
2585
2177
2557
2558
2589
2224
1862
1997
2380
2492
2595
1735
1798
2250
2532
2256
2569
2599
2357
2604
2605
758
309
1407
464
2241
303
725
1215
847
625
82
2617
2556
2375
2595
2487
1980
1629
2415
2179
2561
2592
1935
2252
2631
2571
2292
2323
2663
2422
2594
2637
703
149
1257
2641
35
803
916
2645
2646
2209
59
2649
2063
2618
2311
2596
2449
2653
2285
2344
2412
2654
2563
2388
2373
2388
2324
2458
2668
2669
856
763
272
2241
803
2214
655
177
794
2679
58
2591
2683
2562
2491
2590
2686
2593
2629
2527
2624
2350
2630
2693
2534
2356
2373
2259
2726
2185
965
2701
1114
512
627
196
484
2272
404
122
805
565
2616
2315
2282
2382
2490
2660
2711
2654
1801
2566
2592
2722
2492
2696
2246
2695
2390
2386
2321
2728
1994
2730
770
2511
753
952
214
835
1397
2740
160
2709
57
2050
2064
2284
2484
2622
1982
2593
2781
2752
2488
2755
2529
2182
2497
2756
2761
2340
2541
807
2701
855
147
2734
1971
2768
506
719
277
835
2579
49
2775
2619
1802
1925
2179
2052
2656
2180
2175
2753
2176
2263
2308
2289
2817
2408
2594
2759
2776
2189
758
823
709
2511
946
385
1324
2001
2800
611
141
2803
2742
2285
2339
2311
2566
2811
1935
2717
2814
2839
2291
2177
1187
2634
2840
2822
2726
2289
703
2827
385
51
35
2830
160
858
665
824
761
155
506
2543
84
2306
2408
2409
2688
1983
1738
2846
2843
2189
1997
2851
2261
2063
2698
2694
2235
2856
1014
2471
26
654
131
1324
868
1088
924
2866
2895
988
2869
2805
2410
2840
2873
2560
2875
2620
2877
2779
2879
2574
2421
2357
1734
2419
2534
2297
382
425
959
1084
191
676
35
124
1984
1347
551
2898
1154
706
1033
988
2442
2680
2871
2482
2807
2484
2625
2908
2531
2630
2281
1977
2
1
1797
2262
2726
2947
2529
2915
2776
2819
2792
349
904
1807
898
1957
843
960
2038
393
898
28
236
604
2929
1039
22
1022
2934
58
1866
1685
2586
2652
2808
2845
1321
1069
2983
2111
2560
1868
2650
2458
2065
2905
2632
2458
2914
2728
1335
2190
2956
317
916
149
2960
2238
157
7
605
1407
842
73
734
692
2928
1124
2894
2057
3013
2974
57
2976
2849
2341
2979
2314
2715
1298
2984
3026
2056
2986
2945
2776
2937
2389
2809
2946
2912
2587
2850
2726
1921
2257
2265
317
1121
884
2361
275
889
370
1168
664
1318
1085
706
1382
887
2900
48
2489
2452
2684
2376
2621
2132
3027
87
10
3067
3068
2126
2225
2650
3021
2787
2809
2696
2386
2682
2952
3039
2727
1803
2917
311
726
1208
671
1513
740
1815
195
1532
651
237
1236
628
274
2057
3095
396
270
83
3059
2489
3061
2687
1311
3065
110
3068
3110
3067
2086
3071
2382
2234
2627
2287
2537
2557
2884
2916
3082
3083
285
3085
1928
1286
742
1629
1071
26
3007
2060
507
521
3107
811
83
2563
2623
2777
2653
2625
1871
3108
3109
3111
10
3113
2487
2555
1685
2294
2632
3141
2319
2879
2652
3121
2954
2258
2698
2825
254
428
1313
1983
609
3133
1349
2170
3170
2060
85
3098
1349
3092
79
2522
3142
2383
2380
3145
3108
532
3148
1961
3024
3123
3031
1636
3154
3074
2313
2323
1864
2840
2756
2353
2668
2191
230
3166
1190
2052
1457
1353
1261
2206
3173
842
583
1983
2773
56
2249
3105
2119
1549
3185
1277
3112
3223
446
2526
2250
2903
3192
2665
3116
3141
2652
2627
3198
1996
2535
2574
2946
2183
252
3166
1203
448
52
1424
1367
1144
1509
3220
2028
50
3246
1413
21
3253
3247
3139
2945
2222
3189
1928
3184
2984
1265
1249
845
3149
2081
3226
2988
2979
2188
2136
2320
2844
3078
3038
2246
2978
1187
2632
2626
3042
203
3242
1299
215
1493
1403
1506
42
366
1426
1423
599
676
1427
2804
1920
2312
2904
2121
3250
1069
600
3244
3028
842
10
2067
2655
3191
1637
2256
3273
2390
2812
2948
2776
3280
2723
3059
3284
202
53
403
645
1607
652
43
94
595
1502
3101
778
1689
3299
1861
3301
2588
2172
3263
3027
3112
1961
1257
2923
2126
1681
3313
3229
3193
2632
3162
3117
2880
3235
3281
2264
2910
2233
2187
204
1573
2016
387
3329
3338
2165
315
1448
1690
3335
1726
1478
3335
2118
3261
2941
1317
3343
3146
1210
2060
3265
2226
3351
2385
3273
2823
2260
3356
3278
3320
2786
2264
2789
2259
3324
170
1573
403
113
1026
1717
42
482
200
1190
3334
394
1585
3377
80
3379
3380
3381
2159
6
3268
3420
3110
3066
3349
3312
2557
2261
3316
2572
3399
2353
1935
3395
2600
2823
2420
3431
2998
3401
1889
1894
419
1951
2927
266
3242
1753
321
3441
3448
3017
2049
3417
2120
98
3424
3148
3111
1260
2450
3227
3022
2177
3390
2570
2386
2757
2529
2381
2978
3435
2950
2727
3202
3440
1747
1291
3444
3057
174
1078
269
3448
73
1819
2363
3415
3454
2121
110
3220
128
3067
2238
3067
14
3069
2525
2283
2651
3465
3360
2664
2455
1924
2854
2820
2916
3124
137
3485
1747
462
1951
1627
266
1837
448
1819
2148
2838
2716
3341
1629
3305
1871
2067
483
3495
3494
3499
1735
3501
3465
2190
3504
2182
2682
3140
3471
3399
2788
3435
2264
171
31
1757
1272
1751
3480
604
1837
1930
1820
3551
2805
2625
3105
2685
1249
3348
2098
3066
10
2476
2498
595
932
3499
3500
3463
2063
3353
2536
3236
2601
2184
3239
2627
2937
3281
3543
2292
2572
3400
106
2361
1746
1625
1751
3452
1264
1938
1826
3369
84
3558
1737
3351
2119
446
1871
3069
3423
66
3310
3606
3149
3532
2176
3388
3574
2949
2258
3359
2323
1996
2423
2659
1335
3617
2824
3474
3041
170
352
2014
269
2015
3592
554
1080
2034
3634
1986
2096
104
2596
2281
3395
3560
2238
446
3147
3458
3604
3069
2345
3462
2310
3428
2912
2820
3616
2290
3035
2572
1877
269
2666
2978
2911
2419
3439
107
760
3628
3630
42
676
3635
3635
1003
2518
2779
3572
3072
2990
2053
3644
3645
3068
151
3646
10
2690
3387
2595
2278
3116
2949
2990
3274
2791
3397
2452
447
3661
2307
2884
3545
138
3667
3635
1624
3631
3632
3672
3634
2335
3522
2847
3599
3022
2122
1257
5
3067
3145
3685
3111
3497
3310
2687
3152
3690
3694
3692
3576
2992
3657
3430
842
2823
2555
2760
2422
3695
3626
1090
2027
2212
43
1145
130
1795
1266
26
1732
105
2655
3152
3640
2940
1191
1244
448
3494
3682
3459
2056
18
2714
3123
2712
3352
2817
2992
3576
3729
3732
2633
3392
2373
2947
2698
3035
3035
171
726
866
2889
3670
2967
388
166
3526
3529
171
3752
2977
3581
3753
3137
1341
3608
3760
3345
668
3461
3190
2282
2992
2294
2818
2787
2791
3430
3737
3809
3509
3618
3739
171
2921
2968
55
3166
349
3791
3726
3022
2565
3025
1297
3134
3422
3421
3828
3459
3149
3801
3650
3803
3577
3699
3616
3619
3622
3584
2421
3158
3398
2586
2879
3164
172
1134
3556
508
3596
2337
2622
2445
2521
2131
2138
3757
2082
3605
3830
3187
3833
3271
1682
2787
3036
2947
3838
3623
2663
2457
2419
3736
3394
2946
3192
2498
202
1428
46
9
9
703
3752
2995
2876
1285
3126
1298
3721
3723
3491
2942
3533
3037
3035
2389
3036
2682
2322
3871
3391
3696
2848
3236
3394
2246
3847
3848
45
3883
3913
3913
2275
2779
2618
3677
2482
1997
936
3167
1261
3718
3646
3684
2125
3763
2845
3753
3152
2230
2759
2759
3582
2571
3579
3904
2496
2374
3697
3233
2595
3910
49
176
730
3750
58
3914
3951
3915
229
1256
4
3956
3957
3958
4
3386
1922
2483
2178
2098
3923
1280
3926
3496
1987
3067
3106
3462
3021
3464
3585
3899
3693
2788
3938
3279
3392
3735
2292
2492
3974
2186
3959
3960
46
1957
271
2368
60
3952
3995
3884
172
3469
2340
5
3988
3959
5
2714
3792
2520
3469
3965
3890
1261
1099
3969
4013
3684
3498
3864
2382
2568
3933
1734
3731
3980
2374
3201
3855
3700
3238
3038
3239
3988
3665
39
2983
271
3817
57
3914
534
9
132
3914
135
3234
2789
482
3956
4001
4002
4004
3151
2279
3919
3236
1241
3922
1928
3891
3969
2000
3648
3764
3973
2977
3622
3354
3869
3655
3275
3436
3810
3320
3539
2184
2313
2420
1
4031
4032
38
1070
2134
3011
4037
4038
566
3951
90
2937
4044
4008
4046
4002
3957
4050
3217
2
18
18
0
0
19
23
23
3
5
27
5
6
11
3
32
33
32
5
34
34
6
6
10
41
10
14
44
45
41
6
24
2
37
3
2
21
21
25
3
0
1
59
1
21
60
54
59
19
3
63
59
22
2
61
54
73
67
73
55
20
53
60
61
33
70
61
4
85
86
61
1
28
90
91
92
90
39
95
8
97
11
99
100
93
102
103
102
9
106
107
108
109
9
104
112
113
91
76
18
57
70
32
73
50
50
5
86
125
4
90
24
34
49
77
49
117
90
8
27
51
26
36
138
32
95
42
144
10
6
52
129
37
53
54
56
58
69
64
76
1
66
68
65
71
76
55
118
70
53
167
22
58
170
21
33
20
0
124
125
64
114
102
95
39
97
8
100
101
179
187
188
189
190
50
0
57
174
66
22
34
74
52
26
126
202
5
149
32
19
152
133
66
36
28
30
31
37
90
26
141
218
173
205
173
132
23
62
155
62
116
167
75
88
69
162
163
192
197
148
168
64
72
119
52
61
176
86
156
190
27
181
183
185
186
247
253
254
179
70
54
57
148
152
200
166
120
258
120
244
86
13
125
204
56
206
151
166
209
139
139
5
8
51
93
219
283
51
117
222
275
207
154
240
171
132
197
72
63
18
69
291
235
50
130
300
63
77
264
267
4
225
58
247
98
251
13
314
315
136
255
318
319
77
119
265
52
223
120
229
165
301
22
307
4
315
85
271
66
220
55
288
215
137
27
280
137
35
282
219
92
345
348
150
223
289
88
163
208
159
309
55
298
208
328
323
117
290
64
301
1
201
177
154
22
59
188
317
104
8
13
375
319
380
114
172
361
53
264
193
206
275
262
148
264
286
193
331
269
86
204
206
150
167
286
301
34
28
139
6
211
280
33
381
104
130
325
82
355
116
263
240
72
297
156
322
225
226
50
354
291
388
175
126
169
295
243
114
147
407
39
144
39
29
3
6
97
411
445
128
224
122
169
192
364
172
388
117
402
286
118
393
369
333
396
334
122
403
273
25
465
442
216
248
410
409
410
212
182
183
477
95
248
443
477
8
479
405
429
272
165
416
275
294
371
77
419
74
359
80
69
67
291
305
154
307
432
309
2
112
39
142
146
1
40
14
39
1
513
26
378
446
319
237
468
194
521
120
262
197
464
336
273
198
241
123
85
314
534
270
487
521
457
33
147
405
471
410
214
51
249
477
99
440
29
482
553
483
407
405
274
387
531
163
155
401
117
231
450
233
292
193
239
298
81
500
58
455
373
431
558
232
506
103
407
3
146
43
44
585
45
583
3
184
519
191
259
387
456
193
229
389
122
458
200
600
465
468
164
404
202
462
127
221
529
37
147
277
405
479
483
589
138
180
481
554
98
553
551
204
199
34
354
424
61
78
159
296
167
494
258
156
571
193
427
227
122
576
125
353
579
278
103
584
586
45
45
6
14
29
592
188
453
192
466
237
324
451
603
329
455
602
284
305
118
395
270
524
220
218
140
211
137
181
344
14
10
281
91
96
623
482
185
478
28
563
224
630
365
288
564
630
19
637
172
20
231
240
230
170
71
575
89
577
274
579
580
104
147
41
683
42
654
656
658
102
2
202
4
66
661
263
727
595
604
82
522
219
452
393
710
126
609
36
540
284
35
474
142
95
541
41
685
475
622
554
752
184
100
691
27
209
73
240
133
450
499
171
700
422
236
79
696
641
292
708
449
738
245
450
371
134
112
32
717
653
45
103
111
93
416
71
72
499
695
20
3
725
119
661
391
601
385
200
141
423
305
78
662
327
672
608
537
742
743
678
140
442
40
541
781
215
278
437
444
29
476
483
553
251
183
556
741
762
227
121
276
420
632
421
234
629
80
164
832
208
368
310
126
632
833
19
127
780
717
144
46
92
109
91
308
296
359
258
304
563
193
268
86
540
731
662
51
559
273
119
836
455
236
798
671
21
673
397
734
812
744
35
438
653
146
620
248
480
212
482
824
754
181
829
814
743
899
51
500
612
304
841
568
83
62
503
158
163
200
127
165
910
197
816
782
653
40
6
125
106
315
106
270
765
166
420
764
769
262
724
536
85
867
285
455
558
451
198
736
196
876
423
393
430
739
674
811
900
410
896
40
42
442
684
744
180
555
481
437
481
552
136
895
485
951
968
75
848
839
299
118
226
422
775
85
65
234
50
913
170
705
582
684
719
44
816
331
725
124
5
566
777
873
847
241
864
269
462
530
259
158
693
486
805
872
736
322
882
385
667
880
334
801
969
215
962
512
44
956
14
404
93
484
443
829
484
823
753
344
56
360
154
791
975
489
970
152
294
704
121
970
420
983
789
503
257
195
53
610
842
469
590
619
34
684
248
725
126
992
899
261
37
58
865
935
385
569
458
876
733
207
468
943
401
523
329
527
457
879
809
881
284
91
677
440
181
749
655
1023
958
686
551
1027
897
616
312
99
828
556
675
155
354
230
497
1107
63
1039
338
426
642
261
295
338
372
162
1048
558
132
982
879
817
442
280
145
684
1102
95
1060
127
127
561
873
151
632
498
235
1067
726
800
594
943
1040
563
260
763
458
727
793
523
1149
306
1083
463
347
346
138
953
747
1091
957
217
715
626
485
752
827
483
1032
286
1104
861
290
1108
1175
771
971
433
973
1115
432
708
1082
370
1136
1064
1133
954
814
614
1125
3
586
33
13
582
755
182
203
1133
835
847
194
274
789
403
21
1140
321
364
224
1111
697
569
665
1149
301
1146
946
946
1014
913
677
967
884
38
815
146
508
746
43
957
211
404
897
649
485
342
549
756
1170
140
336
1037
771
1176
226
498
902
564
424
76
706
383
62
151
1048
767
301
127
954
10
1191
1192
1192
32
377
214
687
954
1061
1202
338
1105
81
152
1138
151
1140
297
364
1205
392
238
875
1050
1079
327
151
667
869
808
948
397
1225
1225
1265
956
587
853
1021
1227
26
39
11
678
1166
1308
548
1242
1102
663
1255
1174
1248
419
572
228
235
770
1256
833
158
915
176
396
293
804
4
1263
888
746
1266
1231
13
214
918
783
270
1133
166
765
75
970
79
728
0
1281
174
932
194
1211
878
326
1152
132
872
1352
324
941
244
396
740
1017
1226
823
143
587
783
889
30
279
657
1373
344
1305
250
756
1100
1243
869
565
1316
1107
492
371
1110
263
570
1254
980
1325
1118
431
169
1043
57
4
145
1266
1230
815
747
781
1370
783
44
397
1342
401
707
523
161
574
415
1281
663
1216
1353
1074
263
391
197
1010
336
668
877
998
947
1363
674
968
1377
38
896
1302
1195
281
1309
5
11
1231
885
689
1169
1313
528
1384
172
704
1386
1253
1389
559
767
305
500
273
1326
431
324
1398
583
47
42
814
1401
1127
1408
1471
1410
993
1390
841
1112
1397
528
1349
934
726
173
259
1212
448
241
198
326
665
882
1016
878
506
1155
1224
1298
344
1435
1236
1437
1401
1193
745
1498
1088
1500
824
1447
1171
766
975
1036
1176
365
426
980
499
567
74
699
403
910
1494
177
24
606
1465
1466
1264
748
1127
1532
853
1370
10
334
1411
1009
1345
836
606
167
1140
399
661
1485
733
1487
1283
1077
389
869
1208
998
1524
125
1365
1297
410
219
614
1160
439
755
11
97
278
474
679
474
476
251
1312
898
23
1182
1451
1108
304
296
1110
1077
65
573
569
292
237
1394
307
168
174
559
42
438
146
1468
1533
44
99
586
987
653
1537
140
1064
415
1205
797
34
725
1545
602
1151
1548
732
1205
597
663
1219
732
300
733
1223
898
819
615
1625
547
436
1160
443
1447
542
813
345
1571
1099
1573
97
582
220
837
428
1579
840
1581
299
1172
358
338
488
1211
1523
1590
1343
305
1263
1369
1163
1528
439
1533
1602
586
1132
5
1107
700
1152
870
801
795
595
400
1617
1148
1065
464
466
403
540
196
336
330
1495
1628
1626
1499
218
1631
1632
1380
185
440
1304
1018
1638
1169
1244
49
1577
641
1646
497
983
491
356
32
433
121
1586
74
636
167
1119
1643
52
1594
716
438
33
184
1594
1466
954
1332
1438
14
1666
427
1541
764
1036
1070
54
1673
1618
1073
1291
1077
399
1483
798
138
1682
1292
1623
1686
883
951
1029
590
1199
1698
1694
814
898
248
1379
1639
136
539
766
911
68
365
1037
1516
1708
75
789
833
974
566
1282
1685
125
1460
1004
21
1595
1088
47
436
29
13
1529
1663
1595
918
1730
696
734
562
801
22
1737
415
265
566
526
1542
734
1219
1745
733
150
990
1433
1017
1751
1101
1755
690
555
1024
548
1565
756
582
456
837
1254
160
1453
1114
971
1771
1045
423
874
1714
1777
87
1004
836
1
1784
1161
1502
442
583
1727
1127
1263
1340
176
562
257
1344
1043
449
794
202
196
1617
693
1805
1478
1742
870
116
302
1861
607
1131
1496
1811
899
476
1508
1573
690
1267
92
1572
690
441
1822
1519
861
1452
840
156
1769
325
504
597
943
929
700
134
846
842
53
1401
1630
145
1842
509
1663
584
1339
683
124
13
1034
1592
164
874
602
864
202
1527
383
1286
259
326
1527
386
1323
1355
950
410
1867
1868
1869
1024
1018
1871
623
1306
213
1566
1641
349
480
1819
1935
1267
521
1585
764
1884
906
1252
356
192
1832
37
699
237
119
307
1115
296
1839
541
1727
613
1902
248
1664
1230
1541
289
1475
727
399
725
1012
633
994
1321
1617
222
1206
300
1651
1016
264
281
1926
1687
1928
1687
1368
555
893
481
1573
1405
345
98
1306
1694
136
604
700
695
1703
1766
842
1458
848
1949
871
530
832
2009
1893
125
1836
840
1401
680
1790
749
38
1663
1963
1407
14
1100
1691
2026
212
1913
126
452
523
1775
1622
1740
1356
878
1713
802
355
1809
1296
1928
404
217
685
96
1271
622
827
961
1368
552
1100
827
741
400
789
630
368
1826
171
1045
1389
634
1620
1351
453
1744
236
1955
1823
21
1839
1505
2018
1530
1531
1127
29
1903
987
1381
688
2084
478
1160
938
2032
1591
1217
223
1456
1291
1652
605
1850
1145
2041
1015
2043
1560
347
2026
1760
2083
1381
550
2053
1169
1744
220
2059
58
1513
1249
833
1178
1773
161
1120
1216
595
498
2070
1894
1881
1230
181
952
1788
2077
2078
47
5
986
1471
2085
2138
2138
702
1742
1546
667
449
1620
1916
1683
1423
1807
328
23
2099
1927
1869
1689
281
1404
953
1814
1566
2107
1935
1698
618
1428
1460
2062
1041
160
1457
385
299
873
157
495
2172
60
78
645
87
292
65
1369
1444
480
1160
1625
1726
556
145
653
2139
2193
2084
479
731
633
601
1889
1608
1146
362
1746
1921
229
2153
1985
969
2208
819
681
1030
2164
1566
624
184
1241
1820
2111
1779
1459
1173
2116
321
1582
169
1039
904
2122
1036
162
1047
846
2121
0
2189
1993
1238
1158
541
211
1846
852
2194
2245
2085
440
1606
1427
133
118
1796
729
1953
1009
1954
1984
2101
277
900
823
1310
554
2215
2216
2217
483
1874
528
457
297
792
764
983
701
357
1145
771
79
1512
2227
80
800
2180
978
233
1136
1332
2238
51
1638
1690
1846
718
2246
2296
2139
2248
804
1969
1912
393
2301
78
387
1948
369
1131
2210
2261
2209
470
824
250
2049
549
1099
1170
2270
1701
1450
791
2275
788
1886
1487
1137
2229
165
1039
233
59
202
915
2280
97
1897
1561
549
1690
1339
41
2297
2344
2194
2299
139
1805
153
1080
392
945
336
2207
2101
2310
1157
341
896
2217
1991
2163
2361
1381
48
2320
24
1034
158
2323
1450
2278
1771
1081
1829
2003
1353
1346
2179
1480
2013
450
1
477
1841
1226
142
482
2341
1535
10
2345
2393
2245
95
172
758
1065
1918
938
327
164
286
2355
2259
2043
2359
250
1989
2267
1991
825
1640
1861
209
2223
1516
2061
325
867
1451
631
171
2330
354
2179
933
2382
297
482
1958
1959
2026
1096
1695
781
1020
46
2394
2440
2296
2396
387
758
149
2088
1218
122
2405
2406
2259
1368
687
1940
1871
2051
1680
2416
1182
1112
1705
417
1614
1147
2114
570
565
2425
579
1325
0
1364
978
372
553
651
1195
2076
1897
1719
1721
1728
2392
2441
2485
2442
556
876
1700
668
2300
2308
1060
2357
2451
1434
2186
681
555
964
1192
209
1576
1648
2371
1246
2446
712
59
1353
1884
2370
629
1413
569
1
1914
1667
753
852
43
1300
1408
1233
1844
2522
1301
585
2484
2486
2531
2344
1166
522
527
1866
1809
2495
2496
2497
1025
962
618
1977
2503
792
2461
1945
1948
1079
1646
2511
2116
1951
929
242
2381
245
754
183
719
955
1470
887
2479
683
783
144
2532
2570
2440
1309
1679
1925
850
991
2540
2578
1876
1695
2436
2490
2546
492
698
2003
2006
329
1705
844
2272
1830
148
2060
232
979
2428
87
688
1845
1661
887
586
2080
2191
2023
2343
2571
2609
2572
407
2068
1164
2258
2578
2616
2052
1635
2260
2503
1511
420
2548
2325
153
1766
2591
57
975
1477
2323
769
22
2159
2600
1845
1663
683
436
1470
1904
14
2610
2644
2486
479
437
1984
1491
2616
2155
967
1498
1510
2584
562
2418
1585
697
120
2627
198
2273
170
930
769
61
2246
1897
2526
1784
1300
1534
1904
2084
1873
2677
2678
2679
2678
2645
2247
2434
443
2650
2651
2496
657
2655
2416
832
1252
360
761
1005
2629
1107
2663
707
364
572
1830
708
2393
2294
887
955
1661
782
1302
688
2680
2713
2714
2679
2682
2394
2686
2687
677
899
552
829
539
1763
2332
2005
2694
1320
1208
1704
222
2426
1041
1703
860
151
2345
2706
2524
1128
1095
2479
2712
2715
2746
2747
1242
2717
2296
2220
2720
812
2156
892
1640
137
49
2458
2727
1910
2229
1111
456
2697
428
914
1512
1250
493
450
2739
2564
718
955
1563
145
2138
2748
2780
2716
2750
2344
2752
538
2753
1569
2542
479
2045
2759
2458
1251
2323
980
2146
2002
1644
1391
996
2118
1412
2
2773
1728
2775
542
1501
2778
2783
2811
2682
1011
2719
2753
2580
2790
2620
2786
1764
1111
2795
1770
174
2510
2369
2118
2585
1516
1886
1291
22
2705
1664
46
888
2453
1533
2812
2840
2610
2814
2815
2687
94
1237
1305
557
612
302
573
2461
1773
1147
298
1944
227
1652
1344
1771
1518
1775
279
2345
2835
2836
1264
1368
2641
2841
2871
2570
2814
2651
1235
1987
412
1305
681
302
612
2072
2174
2623
872
1177
2595
568
2629
788
2425
777
506
2384
2393
2866
1601
2868
1659
987
2872
2902
2485
2850
1981
2540
2240
103
885
548
2436
2251
1779
2700
1769
596
1175
155
2857
790
2168
1043
1882
1591
2560
2669
2529
1471
955
2838
987
2530
2903
2934
2297
2905
1924
1986
1094
780
406
1818
2757
830
2621
360
1683
2146
1106
1384
2920
2422
1895
1425
1578
928
2440
2191
2603
718
2942
2606
2608
2935
2965
2194
2937
2938
1366
1094
2187
2654
2635
2265
2436
2725
1576
2307
2797
2060
1767
790
1702
2228
361
1733
2120
59
2572
2642
1601
516
437
1598
2933
2966
2997
688
2968
2844
2754
2186
2789
582
2453
2454
2365
1936
2946
352
2886
62
2950
304
1455
2118
761
387
2770
580
2895
2394
1091
1471
2836
815
2605
1664
2998
3030
688
218
2969
951
189
182
1019
687
2318
484
2760
2504
56
2825
2856
1883
2983
1037
2985
2822
1250
18
407
2441
2023
3025
1234
2994
2959
3031
3061
2389
141
3034
2722
2941
349
2314
826
1312
2724
2726
2000
2917
2462
2950
1587
2587
3050
998
1277
506
2926
2297
1902
918
1058
480
1438
2996
3062
3030
3033
2356
3067
2971
2264
2749
960
485
2621
3075
2324
1578
3079
1173
2956
765
946
2516
2864
3055
2131
2959
3088
2479
2964
3092
3061
3094
2652
2878
2239
1311
1169
828
2240
735
1136
2694
705
2627
1882
2889
2182
1801
2762
2531
3114
1532
1267
3117
3119
3092
3121
2845
751
2943
1031
3128
735
631
1731
1882
1113
1178
2799
355
1947
2519
2531
3059
1902
1228
1726
2569
3144
3120
3064
3147
3006
3149
1101
2846
3041
284
3130
3047
226
2371
1824
2004
1455
1551
310
2571
1305
1533
96
340
1790
3168
3062
3146
2452
3175
3069
753
626
1631
2544
676
1701
2982
2462
3105
906
2857
1174
2463
1463
3022
2570
1334
953
1268
2208
2804
3193
3169
1806
2939
2971
3039
1932
2647
3201
2414
3101
2367
1452
2918
1644
1034
2282
2001
3184
2504
2644
1941
281
3202
150
1753
3220
3093
3064
3001
1497
2684
2972
3172
893
475
2690
2622
571
2549
2274
2222
2329
2796
18
1667
3213
3187
347
1567
2881
2
3084
3246
2903
3033
3249
2358
519
2910
1640
1641
2691
1580
3156
2736
767
1734
638
239
2305
6
3266
2571
3241
399
481
1745
3219
3273
2998
3275
3276
2617
715
625
2583
2504
1825
416
3287
929
1945
2830
154
229
511
2750
1941
286
183
141
3112
3299
2966
3301
3302
350
3066
3251
1160
3127
2945
2368
3131
1038
1704
2762
2222
504
2000
2811
3321
2414
1159
3323
3300
3248
3065
340
94
1086
3321
3172
3173
3280
2048
3332
3307
3104
355
2795
427
2823
2422
769
2272
2812
2057
3219
1985
3345
3346
3297
3249
2817
2212
1625
3148
2104
3199
2457
2459
3284
1765
2827
1949
1459
1116
372
3292
2682
2057
1753
937
3271
2682
59
107
3206
163
3273
611
3348
1937
2684
1435
3224
953
2213
755
2086
1243
3382
906
3286
3107
2227
1387
1922
225
2840
1267
336
3269
141
3272
2485
158
107
3102
19
3426
3030
3402
2261
581
3408
3406
3004
1028
1872
2265
2500
3413
2372
3078
1702
3386
2923
157
2841
3392
3393
3394
3298
2609
3428
106
3430
3053
3246
3434
1811
3407
626
2788
435
3039
2749
407
2459
832
573
3048
1113
1477
3449
3420
3451
2293
3373
3455
2394
12
97
3484
3484
8
3457
9
3459
3395
8
12
3487
3495
3486
3494
3493
3499
3500
3498
3493
3487
3485
3499
3495
2393
611
3122
2498
3100
2653
2941
3378
2409
2944
133
1037
3519
3207
2426
3476
495
239
2871
1561
2156
117
2485
3486
3503
3487
3489
2
110
106
10
23
443
3504
3531
3541
3505
3542
3506
3500
183
3497
3531
3508
487
3302
1238
2360
1029
1499
2908
2498
3468
3280
335
3307
1318
639
2826
492
836
2274
1711
79
2872
3294
1937
219
3530
3498
3494
3533
3535
3458
3536
3537
3431
3505
3546
3502
3507
3549
3503
3485
3504
3506
3577
2718
2786
2541
3353
3465
216
1085
3559
2974
3443
2321
3258
637
3566
2003
2326
1653
3390
2609
3408
1497
1985
3432
2194
3545
3579
3429
3429
2
10
108
3538
3492
3586
3547
3496
3619
3546
477
3631
3551
2905
2541
3251
2619
3615
1938
3355
1572
3412
3333
1180
355
3608
425
3610
330
154
2645
3252
2387
1937
3148
2570
3634
3534
3622
18
108
3460
3544
3632
3501
3594
3634
3548
3628
3635
3403
3352
3598
2187
2260
889
621
3174
1271
2445
3358
1450
2059
3287
2005
116
3265
3240
3376
247
3354
2441
3634
22
3621
3458
19
3624
3698
3540
3543
3629
3665
3631
3502
3705
3665
2936
3596
3435
3253
3038
2790
2208
1239
2846
2086
2213
440
2321
227
2224
88
3363
1910
3570
3291
2610
3437
3036
2360
2840
3696
3581
3698
19
3622
3617
2997
221
3637
2159
3714
1695
2539
3097
3680
1096
3562
2272
3472
358
3474
2505
2695
71
3740
2533
3654
3197
3330
2903
3735
3490
3661
3623
3739
3461
3711
3002
686
3561
3172
3747
3197
1990
1759
3470
3645
2922
3049
2549
2955
493
3612
2485
3329
3379
2935
3765
3580
3490
3738
3769
3591
3797
3585
3587
3501
3532
3801
3666
3672
3673
1626
345
2456
556
2212
3772
2453
964
3774
2262
3605
3359
3384
2630
1321
359
3317
3789
3061
3792
3622
3700
3583
3627
3706
3628
3545
3799
3586
3707
3805
3553
1024
3641
2500
3151
750
3006
28
3778
480
3722
3784
760
1106
1773
3450
3371
2812
3826
3582
3626
3830
3496
3708
3669
3588
3593
3592
2345
2792
3463
2186
1990
1097
2310
113
3069
3200
3848
2763
3723
3851
2822
570
3854
3855
3793
3793
109
24
622
3543
3831
3833
3801
3669
3672
2407
3869
625
1441
3640
1025
3516
1170
1642
2000
2275
3473
2422
425
2955
60
3882
3883
3491
3584
3585
3832
3916
3703
3831
2440
3636
3743
3084
3556
1985
679
3436
2316
2500
2760
3131
701
3105
3757
2280
3787
3911
2609
697
3430
3888
3670
3507
3590
3915
3943
3946
3547
3551
3095
3896
3380
3072
620
2239
3718
1379
2757
3930
371
3235
3234
1648
2592
3937
3912
3913
3627
3168
3806
3678
3951
3952
2156
1560
1757
3956
3516
3281
2368
2918
2182
3132
2657
19
3689
3965
2812
3789
3693
3061
3838
3839
3972
3380
3974
3250
754
2025
2758
3980
2512
1710
3207
223
3161
3987
4007
2903
3992
3466
3225
3199
3655
283
3977
2409
1695
3204
4002
1650
706
401
373
4008
4025
2902
3196
751
2247
3600
3712
3409
3957
1821
3645
904
701
1255
3366
4026
4041
3479
3895
3175
688
1309
3035
4029
1241
3902
3605
4037
3415
366
58
4042
4057
3367
3950
3657
3897
1097
3922
1446
4051
25
3399
4038
2695
0
4058
4072
2750
4028
3762
1631
3351
3066
475
4065
4035
634
3418
3309
1107
4073
4087
2645
2406
3439
3731
3996
3674
3994
3958
2
3
2
20
3
1
1
0
23
0
27
28
29
27
22
23
23
8
35
36
37
38
39
40
41
42
43
44
45
46
47
48
49
50
51
52
50
3
55
56
57
58
59
58
5
62
63
62
6
66
67
67
64
60
71
56
64
63
66
40
6
5
56
20
18
26
26
30
85
32
34
53
89
90
91
92
93
94
95
52
72
98
72
74
101
102
79
99
61
62
3
64
76
39
78
80
18
87
84
85
29
115
96
120
121
122
123
124
93
105
127
57
103
130
104
128
63
73
75
6
111
132
57
33
24
27
24
144
25
28
87
125
149
150
151
152
120
128
155
55
131
101
156
107
135
65
110
35
66
71
141
28
145
145
31
88
153
174
175
176
177
36
156
160
158
161
180
129
136
137
36
166
60
168
30
142
146
0
22
178
197
198
199
154
184
155
158
202
185
109
110
66
139
140
171
29
193
142
3
200
217
218
219
47
205
222
223
206
74
68
134
190
141
230
231
1
220
234
235
235
17
