8
3
10
11
12
13
14
15
16
17
11
4
5
5
4
18
24
25
26
27
28
29
30
31
32
33
34
35
36
37
38
39
17
6
4
20
22
40
46
47
48
49
50
51
52
53
52
42
43
44
23
54
40
44
28
44
5
60
66
67
68
69
47
2
56
57
58
70
33
21
78
19
65
15
64
21
11
21
59
76
88
89
90
60
73
74
64
87
24
6
98
42
67
83
78
86
45
12
43
86
102
79
91
111
112
113
34
93
94
83
96
15
99
6
7
7
119
48
107
78
57
128
62
3
127
22
74
130
84
114
138
139
140
12
116
117
102
125
10
98
135
105
47
7
103
108
144
5
7
2
153
144
74
6
137
141
164
165
88
122
160
117
159
13
148
94
128
46
152
154
169
4
7
98
134
179
57
162
166
187
188
60
123
184
174
103
142
143
133
150
36
152
192
107
181
162
201
180
181
189
208
209
40
122
124
205
149
11
173
160
103
146
31
200
117
2
2
129
156
6
3
196
20
132
43
123
207
210
14
100
236
239
41
183
144
3
242
74
152
11
191
184
194
36
204
223
5
121
98
147
218
99
123
228
240
142
231
46
162
81
263
67
222
117
3
158
245
57
123
248
205
175
35
253
94
158
256
216
218
255
99
269
216
267
266
267
268
290
53
177
20
299
268
128
22
303
206
10
180
304
308
300
83
252
310
303
158
16
56
309
163
296
229
294
211
42
251
320
51
153
110
10
328
103
277
132
177
331
336
295
32
324
328
315
120
109
303
326
321
325
37
213
226
346
50
331
229
85
344
255
7
330
335
134
337
329
33
340
153
1
338
286
331
265
296
182
348
35
222
224
225
220
352
36
328
4
262
330
357
122
360
130
244
357
333
115
344
368
316
294
219
295
319
208
181
328
39
5
225
2
10
408
381
49
118
257
356
336
388
244
390
391
336
393
365
418
153
244
397
371
301
401
91
364
14
403
404
37
198
411
51
413
13
65
416
81
219
415
331
235
106
371
316
424
194
369
212
398
128
234
213
369
133
17
298
82
445
25
204
110
64
147
456
354
14
133
380
289
462
86
464
280
438
14
219
385
330
452
103
186
132
78
385
442
447
484
229
378
197
108
482
404
338
261
374
159
135
372
232
226
369
3
234
465
132
232
171
120
317
337
132
471
383
13
193
437
470
366
119
511
480
23
497
380
346
95
494
492
328
417
424
491
486
78
448
355
363
325
23
354
295
124
545
383
59
149
425
12
434
354
4
274
472
260
173
545
384
551
43
19
508
512
470
344
59
557
404
559
518
481
80
22
535
541
21
538
44
414
536
153
414
229
357
336
306
368
500
446
551
128
72
73
363
291
363
576
363
98
249
591
583
604
603
559
217
603
291
608
574
383
560
592
578
330
86
359
85
619
487
624
306
583
228
587
487
121
608
447
132
594
159
301
635
159
72
191
597
347
518
497
159
122
303
551
42
626
336
225
212
641
45
123
545
617
425
648
570
578
300
12
406
416
494
20
72
426
670
366
633
661
610
399
625
154
450
216
361
597
676
504
608
42
660
686
559
378
654
406
224
384
685
566
662
490
384
591
569
537
532
352
299
668
695
288
473
59
632
490
229
336
180
503
159
124
695
567
306
158
554
680
147
699
652
357
225
605
359
701
224
332
359
129
695
379
229
730
545
72
392
6
746
655
689
628
621
17
669
331
589
15
755
537
717
371
455
354
722
371
87
693
530
582
372
664
545
148
428
734
646
153
72
378
757
244
741
553
658
341
687
21
207
774
383
773
752
753
758
711
781
441
796
761
383
690
520
510
679
419
132
225
306
582
426
306
785
483
813
332
65
720
78
599
476
668
582
808
514
597
399
818
788
262
787
597
247
794
754
711
72
688
547
799
744
590
550
341
765
552
106
19
810
268
547
331
711
22
843
718
582
247
748
852
724
758
823
553
582
759
791
828
227
10
855
450
447
509
834
330
836
230
57
840
336
1
559
157
764
805
498
82
695
811
513
655
711
180
608
851
153
247
886
65
697
146
651
663
809
892
718
255
344
235
871
521
873
875
16
406
344
408
783
899
255
510
592
612
638
194
845
639
16
899
396
386
750
654
20
884
718
896
487
65
559
635
861
932
575
944
341
886
231
831
384
870
744
134
582
488
914
441
273
109
918
489
103
733
408
636
157
109
807
6
1
733
453
273
972
302
929
971
102
342
391
975
819
22
379
104
782
982
154
697
588
442
990
564
668
530
504
386
988
669
941
58
81
941
846
244
967
552
768
991
957
482
974
694
407
1013
378
807
672
1014
585
510
1014
408
839
1
1016
1024
426
1014
489
506
847
694
489
980
21
1030
672
1037
496
444
1027
1031
43
1038
255
442
693
1023
224
825
87
984
1017
75
418
1046
274
694
771
1016
1044
485
1046
879
1034
20
956
1011
809
1050
1072
1051
726
1072
921
157
1023
1035
1026
1079
1029
1079
1032
848
971
1034
1036
696
1020
158
1060
301
3
1087
1060
530
1050
576
1031
1073
1041
429
1027
131
1040
1091
1090
733
995
1084
1042
1099
1098
1023
1100
1070
568
256
748
224
1120
98
780
256
378
1077
1123
1059
525
99
1110
820
1124
1110
82
384
1132
1127
85
288
1139
694
859
400
321
1135
697
782
121
694
444
1142
1123
1124
478
418
1126
274
622
1126
1121
820
401
630
1139
265
817
1143
567
406
1151
1140
1118
812
1129
1134
1173
1155
726
330
1155
1037
519
1120
20
971
1120
1160
1137
1189
1036
1138
1159
599
1165
1147
1167
1092
1192
429
580
1155
340
386
1123
137
1203
1189
99
430
1166
1132
1168
1198
1124
1045
1172
1159
874
875
43
1204
1224
1155
709
244
1183
916
1194
634
696
1207
874
1223
1120
931
391
1180
374
482
1231
1214
1200
1189
369
86
1204
1208
1243
173
1206
1224
430
1158
1186
444
1251
56
1245
1126
1221
834
1236
1225
1266
182
1049
1154
121
1037
23
1123
1019
1234
146
1068
1120
890
1169
1226
509
1209
121
807
1219
256
1085
1176
1234
1253
1288
714
1216
1288
874
1213
99
1168
1259
1286
1178
774
1175
1290
1267
1225
299
1127
1229
567
1274
1233
1120
280
567
107
1123
1280
1295
1299
1235
1270
173
407
1274
380
1265
1271
1258
1327
485
1204
1289
1161
1315
553
1324
1260
612
1186
707
240
1102
1020
1259
1307
1232
4
1
1351
368
1311
1281
1232
1351
1313
251
317
1319
850
1321
324
125
940
1339
984
1341
1293
441
483
1315
1042
1207
864
1282
1365
1292
1271
1338
1375
1326
1342
70
410
17
1050
1352
1389
1390
1391
1392
1392
1329
1240
1225
21
1390
1347
79
1229
1131
1232
45
1299
1278
1296
19
1303
790
106
315
1407
1380
969
1337
995
127
1259
137
1273
1417
1416
1257
295
576
547
1420
1381
1417
1369
1415
69
1352
694
1393
1437
1438
1439
1391
1395
1279
1410
1356
1399
1282
1363
57
1403
1224
129
1313
1409
1249
130
746
232
1276
1432
1211
1053
1231
1442
292
513
1276
1424
1373
154
56
1466
1373
530
1420
134
1410
954
68
1435
378
1440
1389
1014
1438
224
1438
1458
1224
273
1451
5
1394
1155
1450
217
0
1495
1377
1339
1061
1397
23
599
769
1234
984
1467
1460
1455
725
1506
1312
1254
530
148
1511
1469
1513
256
598
1459
525
355
147
47
1096
1481
1392
1486
1390
1484
1437
1530
1392
507
458
1537
739
2
1538
234
43
1087
1399
1541
735
1541
299
0
1497
510
1546
1537
299
935
1538
1061
1553
1548
940
1540
1546
1045
1553
59
212
1559
129
725
1565
567
1559
1557
1003
1562
1541
1476
1571
1576
1557
87
830
228
797
36
1351
1532
1391
1530
1590
1588
1589
1073
418
206
1546
1570
1548
1350
1544
1389
334
1573
1542
5
1550
1550
23
1604
350
489
1577
850
1596
1610
1309
1579
1571
952
1563
74
1409
1619
233
1610
644
807
1553
1578
1621
1580
1554
96
830
355
494
37
1587
1436
1439
1591
1592
1483
1073
788
1559
1623
1538
132
1607
1550
1644
232
1604
20
1651
1497
117
1563
1003
1615
528
847
1626
1555
697
1581
1001
1581
812
409
458
887
522
1625
1673
767
1552
1655
45
1341
1538
84
768
1668
276
1633
172
1525
1690
40
1388
1641
1345
1695
1014
1674
11
1051
409
1090
522
1
1657
1644
1024
96
1639
1026
244
1657
1550
825
242
1605
568
1613
522
974
306
1660
809
974
206
724
59
379
249
568
1727
691
220
1707
1625
1157
1409
824
1662
1716
1671
599
691
848
1724
1729
513
959
1725
1343
49
1696
1752
1753
1112
219
94
974
154
12
1533
1527
1734
170
1606
1712
1651
812
170
106
1739
550
1137
58
87
901
1328
1263
506
268
1051
1255
14
1386
418
929
1419
1775
901
16
965
1263
489
18
1335
54
1754
1797
1798
1798
1351
1652
1483
1709
1023
1766
1651
2
1806
1657
1770
1474
1428
152
1814
156
1795
812
183
25
1026
1221
965
25
1792
915
26
107
1449
25
1823
1387
890
1783
1833
69
1693
1482
1838
1485
1072
1393
1023
1842
1528
1639
378
1809
1550
1808
1848
1607
1675
1041
770
1825
1305
438
1837
1482
1607
1440
1651
1706
2
1482
1843
1529
1640
1762
1851
1850
1851
1713
812
1537
737
791
1857
1070
1693
1712
1393
1861
1862
1802
1846
1865
1440
1867
1868
1528
1014
1871
1873
1767
233
897
730
943
1879
834
1881
1705
1390
1886
1839
1531
1845
1840
1869
1891
1888
1527
1894
1895
1608
307
328
685
1223
1901
29
1782
208
1859
1882
1352
1906
1844
1533
1909
1844
1643
1593
1865
1805
1848
1872
1873
1897
566
821
326
1227
266
424
125
200
187
1926
1806
1704
0
1889
1913
1935
1956
1908
1888
1532
1929
1959
694
1915
1873
418
1537
421
326
1736
604
1750
28
748
197
291
267
1973
88
1951
1766
1838
1890
1762
1958
1908
1887
1960
1986
1963
224
1965
1851
1006
213
260
335
422
269
687
1714
1979
18
1975
246
829
563
524
114
1981
1705
1962
1957
1534
1985
1910
1937
2015
1933
1992
1938
1916
391
1650
1551
606
788
346
1975
478
727
2009
27
2005
1659
207
2032
480
91
1859
1389
2013
1694
1640
2041
1991
1964
0
1932
1912
1993
1848
391
4
1767
347
793
290
1217
169
521
29
2035
214
1503
1024
2039
88
2016
1392
2043
1935
1988
1988
2019
1709
971
1988
1652
2015
2076
2048
1809
1939
1851
1656
1810
590
411
217
179
375
97
878
2065
118
90
2070
1652
1904
1955
1481
1845
2046
1601
1989
1847
1954
1991
1864
2052
2112
753
2091
2092
1856
571
2096
250
665
66
1903
1953
1884
2102
1591
2075
2076
1435
1480
2048
2128
1534
1936
2021
2084
1916
1849
1766
2114
217
1776
215
26
181
2119
279
2068
60
2123
2124
2109
1866
1532
1102
1846
1803
1985
1850
1887
1527
1587
1914
2022
2138
2085
1852
621
455
1121
913
466
701
108
826
551
1385
1867
1802
2101
2042
2014
2107
1693
2019
2184
2104
2077
1843
2083
1806
2167
2165
2140
2169
257
1877
897
1856
2174
1000
2176
545
2178
1961
2153
2109
2072
2020
2156
2210
2155
2130
1480
1804
971
2112
2194
2195
1902
2172
24
2174
965
357
2038
620
68
2105
1928
2153
1987
1957
2133
1931
1841
2106
1803
1486
2240
2193
1807
2138
2049
1994
2221
1919
1856
868
410
903
639
2175
2204
1836
1890
2125
1953
1930
2260
2237
1868
2075
2131
2186
2078
2191
1882
2242
2192
2246
794
695
238
2094
947
946
928
1555
337
1817
50
1837
1863
1955
2236
1073
1761
2264
2290
2267
1937
1952
2270
2269
1851
1704
2273
756
1750
818
861
2252
728
2280
428
2205
1869
2285
1889
2157
2163
1345
2077
2215
1799
2241
1436
1809
2217
1916
2321
2320
1874
578
2274
2301
619
506
359
907
1730
2332
2256
2206
2310
2154
2104
2211
2186
2317
2314
2152
1801
2323
1873
2346
1766
1872
621
2327
26
1145
304
556
865
180
847
937
2308
1528
1982
1983
2155
2211
2287
2342
2151
1587
2322
2245
2194
666
934
28
362
345
2356
592
752
938
1756
2361
2015
1927
2338
2134
2288
2017
2368
2262
2080
1895
1435
1993
346
227
228
679
879
26
983
432
2331
764
499
945
2335
1640
2207
2258
2126
2133
2368
1593
2078
1438
2109
2319
2370
2347
1954
2295
2348
1970
1562
653
178
737
321
528
963
2254
501
865
510
2407
904
1434
1644
2071
2259
1485
1864
1102
29
1934
2130
2394
1096
2395
2347
2421
2294
2085
320
669
1132
86
496
1236
203
1163
1127
2460
2039
631
354
494
711
1747
1479
2441
2345
2042
2232
2286
2159
34
2050
2319
2258
2363
2362
2453
2348
2285
2136
2168
269
920
649
831
983
891
319
2399
2469
12
993
778
2003
39
2049
1850
2129
1907
2318
1988
29
185
414
2507
1486
2337
2320
2451
1848
1704
2520
2270
1704
1808
2515
2490
240
1009
603
787
879
669
668
295
1121
968
484
1103
963
2503
38
2505
1849
1990
1839
1696
63
1442
409
1930
2043
2517
1530
1952
1483
1894
2525
2526
236
1049
1050
962
703
1102
1117
316
1112
1524
409
1112
980
67
2417
2050
2260
2265
2187
1784
63
634
262
1958
2482
1883
2519
2485
1863
2153
2424
1872
2167
2559
2460
1345
299
2464
2561
1792
2596
1017
673
1699
1072
2565
2572
2131
2364
2110
1762
34
1463
1699
2264
2386
2152
2320
2586
2477
2167
2124
2346
2591
208
95
1695
2024
2446
1825
2599
1144
13
1102
2117
46
2265
1907
2576
1072
2447
1067
2399
2399
2549
2106
1865
2614
2138
2451
2520
2475
2619
1861
2085
1808
2124
2623
1037
1368
107
1178
737
1503
1943
1829
97
1303
496
2631
1177
2633
40
2635
2545
2414
1034
27
2561
1051
2537
2189
2645
2181
2244
2423
1956
1954
2423
2012
2259
2167
2489
188
44
733
1726
1287
2459
817
77
147
1444
824
1699
1180
2670
39
2233
2126
1752
2676
1783
1060
2500
1841
2337
1801
2683
2315
2452
1861
2686
2687
1712
2136
188
1248
1032
2696
1211
921
77
580
2701
1462
1204
2571
66
2707
2044
1754
2511
119
1074
2602
1388
2715
2615
1895
2654
1601
2454
2587
2722
1705
2021
1808
166
630
1945
1150
1373
33
408
204
1122
1129
714
1347
1217
2178
2674
2391
1017
35
1030
1027
2482
1929
2683
2139
1802
1590
1982
2393
1982
2506
2325
140
1166
1945
2728
1241
32
2763
2460
2704
490
1224
2702
67
2577
2772
2638
1794
1730
2275
1727
2314
2715
2779
2372
2652
1888
2752
2243
2271
2811
164
1213
372
2791
1465
365
2693
2796
1339
1126
76
2802
2740
24
1474
606
261
703
974
2234
2013
2810
2193
1601
2100
1657
2295
2780
2787
114
1298
724
2821
2033
2034
1163
2796
1266
89
2829
1797
2831
1049
1679
191
273
1912
2443
1905
2779
2242
1709
2816
2219
1551
138
1646
458
1171
1632
1746
33
1610
225
1573
2540
46
2389
2636
2159
1082
2676
1017
1260
1990
2583
1391
2839
1952
2419
2345
2815
2871
2872
113
854
1581
406
1599
376
1655
2882
2883
1692
2291
2636
2546
273
409
713
2399
1497
748
2612
2864
2838
2717
2868
1884
1913
2784
2900
2901
111
2903
1538
407
2906
34
1626
1559
1924
2122
2912
2071
2412
2914
1784
1449
703
1678
470
2863
2837
2412
2779
2487
2842
2926
1480
2324
2811
2056
113
299
1546
224
2935
31
1609
2937
1718
91
2887
1439
2012
2684
1345
1699
1811
455
1757
698
228
2922
2952
2924
2896
2269
2135
2958
2242
2873
1771
123
2877
213
33
883
2968
1968
2705
50
2971
2475
2894
2720
2419
2625
2915
1770
1567
234
73
1542
1956
1843
2180
2232
2244
2751
2814
2843
2268
2752
2270
2990
597
1045
2910
2496
2203
435
2040
2237
2209
1929
1594
1720
1900
2462
3010
1223
181
2862
2445
2681
2716
2476
2647
2925
2192
2108
2752
1953
2840
2846
91
2492
245
35
851
2664
1720
18
2999
2283
3032
2477
2584
2414
559
3036
2920
2805
260
146
2047
2443
1906
2984
2783
2816
2844
2346
2259
3054
3055
853
3027
1719
145
1757
2631
2578
111
2885
2894
2231
3045
2128
1101
2675
943
2512
1900
2183
2747
3046
2322
3048
2349
2166
3051
3084
3085
3030
61
2939
189
3094
3015
2866
2014
1741
2773
507
3008
2146
1317
1095
3075
2646
2647
2954
2721
3109
2985
2928
2620
3112
3093
2149
30
3116
269
2389
2973
3066
1957
812
918
3123
1223
1582
1542
3039
3128
3043
3105
2231
2322
3132
2747
1607
2522
2100
3082
2208
2930
138
1181
1922
1387
3065
2363
1910
507
2561
1458
350
1567
2275
2643
3156
3130
2394
2753
3145
2723
2958
2267
3079
165
3092
30
160
411
3094
2620
2418
1483
514
2560
2773
1625
56
2875
3090
3043
2525
2476
2716
3047
3135
3187
3135
1847
3096
1953
50
772
60
2226
3087
1479
507
3194
3196
2865
2942
1435
629
3201
3100
2937
42
3207
3044
3216
3017
3160
2783
3163
2543
2749
3045
2049
272
37
155
2121
46
895
3222
51
2684
1954
1031
592
1963
2442
3067
3202
1054
1079
1700
3009
1553
228
1986
3014
3146
3161
2554
2954
3210
2587
3241
3052
2749
2160
1917
1555
3167
2966
3248
432
3250
826
3252
37
2419
1863
2524
232
962
425
3258
3120
3260
2915
2659
2677
3202
1610
2981
3129
3270
3131
3239
2870
2587
2649
3162
2553
2372
505
3138
2547
523
1736
47
785
3288
31
3158
2454
1527
1714
404
3296
3209
1485
449
2638
2803
698
1541
257
3104
2337
2489
2297
3018
3015
3134
2101
3133
3312
2749
3280
1549
3316
1827
1764
2093
3115
994
66
1904
2160
1087
3291
971
3327
1757
3329
3216
1842
847
2776
410
2446
1721
3205
2950
3182
2258
3340
2519
3342
3166
2296
1886
2686
2520
2349
3313
1052
2960
32
3284
3285
352
2217
3348
2588
2974
1939
2240
3327
1759
3329
2412
1589
3007
622
2888
2915
2317
3338
3146
3131
3185
3019
3291
2080
2927
3271
3005
3217
95
2088
3389
3318
3391
269
3380
2524
3210
3189
2957
3347
1658
591
3155
2161
3197
1533
2916
725
2775
3091
2802
2161
2923
2486
3412
3343
2754
3415
1892
2955
2926
1850
452
2055
3421
2741
566
290
2180
2454
1481
1906
1992
2521
1872
3360
1026
772
65
3296
3164
2445
2976
807
2569
3192
3369
2675
2713
1790
1484
3444
3341
2719
3186
2926
3004
2505
1960
2455
2049
3454
2973
2511
25
2759
189
2845
2163
2542
3242
2649
2313
2049
1639
2781
3292
3469
1095
2318
2553
2316
3440
1784
1024
3479
51
2893
1887
3184
3485
1884
2484
2585
2084
2681
3493
3161
27
3069
19
2862
2976
1900
140
1905
2078
3383
3278
3347
2649
1989
2131
3507
3492
3509
2573
1911
2313
3517
3404
1055
3440
1730
243
1811
3090
2713
3236
3520
3484
2521
2363
2137
3346
2899
3358
1852
153
3566
1652
3496
1051
124
1497
277
2055
359
2225
139
3013
1893
2417
3506
1936
2080
3584
3435
2132
1544
1707
518
2445
2183
3552
2744
965
2803
3224
1787
1768
179
1783
2152
2293
2324
2555
3310
3417
2844
2868
3538
1497
3570
3161
1351
1830
2967
2963
2030
111
3393
2505
2077
3505
2687
2239
2321
2267
3630
1436
1893
3396
3592
3257
1864
2637
1074
3370
3474
1071
2629
3477
201
275
1708
1807
3633
2517
2232
2085
2898
3309
3344
2269
3217
367
3274
2781
3496
2861
1649
739
91
2543
3393
1913
3668
3563
2313
3506
3671
2135
1102
3545
3432
518
3582
1642
3263
961
3438
2713
181
3406
3555
192
1756
2664
3503
3106
3272
3608
2310
2084
3659
3567
3472
3527
3615
3157
1710
24
1576
3204
234
2437
1479
109
2130
2524
2588
2449
3680
1096
3634
2343
3359
2021
3399
194
2801
2975
2773
1700
3476
321
3686
3600
3645
130
943
2584
2614
1928
3563
3345
2785
2681
3655
3699
3657
103
3164
2488
1830
2993
3707
30
3212
3612
3245
328
2897
2524
1989
3587
3624
1073
3290
2956
3465
2449
3716
3677
3636
2887
2446
1700
2773
1163
974
2596
3404
568
3602
2061
3689
2500
3734
3735
3694
2865
2455
3377
3446
2180
3453
3570
3346
1390
1825
1540
3265
3010
2438
119
3455
3004
3605
2688
1801
999
3520
2127
2128
3489
3512
3629
3764
1892
3719
3453
3547
2317
1720
3123
3009
3267
3729
1675
169
3600
3224
3559
2857
3606
1886
3021
3787
3380
3614
3744
3571
1936
900
3051
3516
1597
317
300
791
23
3609
2620
3466
3162
2217
882
328
3805
1588
2813
2652
3396
3761
3608
3716
2421
3506
3766
354
3723
2830
172
261
408
1078
3682
713
1812
3872
1671
3556
3478
3827
2386
3830
3132
1712
486
3451
2781
3837
2723
409
2996
458
1022
865
997
3383
3384
2443
3847
3005
3753
778
3757
3348
2441
3382
2648
3857
3290
2971
3505
3464
3721
79
3674
2368
237
234
3868
3869
3644
767
861
2664
3823
2569
1644
3654
2748
1882
3831
2928
3488
2721
3882
2208
3097
0
3470
3886
959
407
1014
157
1141
611
3876
3649
1985
1608
3851
2523
2245
3279
3946
2182
3853
3699
2423
3360
3956
1846
1713
3815
2975
3826
3554
195
3916
2600
3496
1733
569
1622
3181
3957
3213
2244
2651
3880
3446
3083
3743
78
3883
2153
3885
1497
2600
379
2881
233
1975
3887
3469
567
2554
2654
2814
3586
0
3710
2523
1992
3243
3652
3893
2417
3164
2021
2158
4000
3254
3897
3862
3328
3371
2711
3176
15
3916
2860
3477
3776
3091
3423
861
2388
3925
1873
2619
3379
3855
2973
3384
3833
3981
3571
1087
65
2919
3820
3149
3987
3915
2661
959
682
3892
3488
3949
3428
3449
3947
3790
2650
3016
3745
2894
2654
3540
2588
2645
2214
4007
3957
3910
84
4014
1043
3263
1723
1013
729
1121
3407
1055
2500
4017
410
3318
4024
3668
2242
2844
3741
3395
2900
1939
3980
21
2616
342
1471
3725
697
1020
1040
1730
7
7
5
5
4
4
13
4
3
0
19
0
1
20
19
2
24
20
22
24
1
28
15
12
33
30
21
1
25
25
30
2
25
36
21
19
40
22
35
36
37
42
47
41
28
50
21
53
40
41
19
3
14
33
63
12
3
41
67
68
3
66
68
69
70
67
74
61
6
10
7
6
81
78
10
75
69
62
71
70
17
70
74
2
91
61
14
32
16
91
57
55
23
20
42
102
105
102
104
27
40
106
23
108
45
47
44
0
3
64
114
28
36
2
1
5
95
14
71
93
92
129
71
12
41
4
79
136
10
63
127
120
23
37
26
45
45
38
19
97
12
4
30
28
123
39
39
114
116
58
0
59
143
101
152
57
160
162
53
160
67
21
126
64
33
128
72
176
72
99
75
94
77
137
79
177
89
125
90
61
125
130
126
149
32
127
92
164
113
103
111
200
160
105
164
201
202
102
35
115
117
13
33
145
142
59
5
78
96
128
61
76
94
67
135
183
137
33
140
44
48
56
231
43
56
59
0
62
227
37
204
155
229
208
49
57
241
110
152
50
46
245
51
101
95
189
173
175
177
185
257
41
181
95
81
136
4
185
195
94
16
73
96
237
139
188
53
123
230
107
205
106
198
169
282
114
198
165
28
118
63
166
207
67
6
127
218
223
96
6
263
83
225
183
194
17
120
104
167
27
146
152
236
274
50
154
166
162
248
242
176
169
122
244
258
314
285
39
95
173
150
260
178
222
129
258
262
126
82
66
61
73
334
129
17
266
180
272
273
150
275
277
311
281
280
292
106
110
116
105
113
58
156
1
289
212
248
54
293
218
127
75
14
81
96
302
375
11
98
306
145
42
252
146
123
21
97
96
276
143
277
39
325
47
314
110
384
247
197
351
276
235
159
363
348
227
125
258
261
175
331
85
131
94
272
255
270
179
131
342
343
96
329
98
175
318
353
354
27
360
322
358
279
107
311
47
364
12
115
230
297
90
195
223
82
374
79
12
265
224
136
349
71
428
68
26
240
72
386
14
388
154
311
72
229
68
55
35
461
250
390
67
239
51
170
403
149
139
410
93
408
419
335
339
336
415
451
483
480
419
91
404
274
130
351
121
432
427
232
109
101
356
206
142
438
171
64
393
121
40
126
490
459
293
373
4
81
182
80
14
7
449
226
228
503
22
155
177
166
134
227
14
24
154
465
317
145
314
454
239
249
398
361
399
323
171
404
15
370
407
479
481
549
484
485
476
90
261
407
89
476
492
100
425
359
497
146
207
159
111
525
359
504
363
119
49
112
1
218
66
90
7
223
216
294
3
516
299
295
294
445
450
523
503
502
113
147
148
62
96
103
537
575
43
361
537
540
407
542
402
538
328
64
296
549
557
614
332
222
237
421
422
17
411
408
272
621
622
366
352
564
565
143
524
401
203
632
536
434
505
63
165
233
559
413
556
91
216
17
373
520
264
518
559
522
531
203
527
428
466
421
599
532
595
362
472
214
470
72
249
177
392
668
611
530
548
616
676
552
347
491
274
512
408
192
491
556
58
563
496
427
636
306
51
309
430
120
572
436
5
157
43
268
76
347
71
266
648
294
80
136
584
515
183
16
699
309
278
498
56
239
160
660
14
240
603
49
687
156
234
537
454
292
471
669
176
673
349
675
677
739
178
679
680
274
73
644
546
74
687
629
689
354
691
726
728
29
204
214
434
37
698
501
704
483
515
373
2
345
93
649
301
652
519
303
15
635
355
244
720
767
598
655
325
202
209
389
161
383
170
112
567
59
667
267
386
16
738
740
558
257
559
742
679
211
330
409
181
546
622
534
717
199
497
357
499
636
248
463
758
208
760
574
356
268
180
83
294
178
708
771
268
651
448
157
629
757
164
669
722
151
316
393
242
498
391
283
209
430
54
169
730
662
371
194
737
809
798
552
259
802
803
64
95
271
547
555
17
605
750
790
813
753
817
103
668
753
245
122
761
811
763
483
585
264
768
261
589
79
515
188
302
855
860
742
94
721
679
357
246
754
310
326
232
568
600
258
111
172
781
797
857
69
550
617
893
620
227
254
918
619
612
66
730
869
812
690
502
499
473
494
144
733
474
261
119
880
188
92
746
520
409
272
444
89
517
446
796
915
915
684
723
539
899
393
391
252
467
787
718
234
789
717
435
909
947
478
857
966
412
893
612
619
194
736
349
793
641
630
752
570
635
956
564
525
384
455
934
290
431
148
262
346
344
613
371
514
89
2
302
948
1000
893
29
400
389
402
720
540
455
204
507
463
500
366
950
965
911
259
616
764
802
621
349
855
971
390
868
356
284
569
927
319
205
156
108
243
210
988
203
511
191
553
493
93
702
765
771
520
1001
1049
860
70
850
759
473
316
391
820
1013
122
932
1035
56
1015
414
1017
735
677
882
511
916
150
796
714
625
744
542
977
751
201
467
207
44
1029
455
927
849
312
290
495
20
918
417
412
484
735
764
183
589
1050
1100
802
1052
788
197
628
898
163
250
1054
213
509
803
1065
1066
180
740
333
950
839
865
1121
313
494
394
1090
566
690
814
536
206
1126
1085
1062
235
476
358
121
95
80
1093
176
348
799
225
1101
1146
948
1103
122
817
669
954
1057
533
243
235
754
1064
994
1115
968
259
99
1119
1121
1166
714
451
539
1106
1132
1031
205
1129
1060
693
426
1086
102
1136
1087
236
374
442
407
347
5
558
521
888
1147
1192
1000
1103
129
1152
197
310
163
848
197
1159
910
967
1066
222
1203
304
781
737
46
1171
1132
753
200
115
956
170
1177
983
502
638
1088
212
229
1183
347
940
683
735
347
1189
1098
1193
1235
1049
1195
70
851
38
1026
208
401
470
1208
1162
1115
739
703
1120
1166
1252
345
1125
628
1028
1128
1212
731
1173
496
1035
438
173
157
894
493
1042
510
333
767
3
1145
1236
1275
1050
1195
1196
366
245
568
1151
1246
1248
1285
1231
742
965
894
562
1171
1257
280
842
534
870
200
104
1263
116
1265
44
894
710
343
82
264
83
801
413
780
712
79
1099
1276
1316
1237
1052
314
71
1151
252
390
1015
451
1286
1327
617
220
578
369
387
1291
1106
981
979
1105
1126
755
732
789
566
42
405
699
18
1304
10
83
1044
376
1119
581
521
301
1317
1357
1192
181
730
155
537
908
1166
1247
1328
967
484
195
1333
168
1213
1126
1175
569
817
284
1340
107
1260
729
19
1265
1165
265
84
1313
302
801
590
137
444
1358
1394
1193
262
952
853
1165
1366
1367
798
1042
418
550
1373
811
1375
356
1377
111
845
142
756
1179
229
679
1227
679
137
622
832
303
1390
1190
1421
1395
1428
1236
1278
557
1165
1160
1402
1402
991
342
196
1407
1336
1174
1280
1378
959
1127
1416
45
1050
710
584
78
1307
832
339
1228
709
774
1429
1459
1275
807
893
3
1361
1435
1286
1271
938
1439
1373
1441
1080
1443
1412
1342
214
925
717
1100
1349
584
70
1047
652
1455
590
1426
1048
1021
422
1491
1492
1493
681
1460
894
1000
1465
1466
1500
181
1334
1256
791
1442
754
1378
1476
244
925
158
385
1359
1488
265
134
1391
773
10
860
1494
1522
1523
329
1496
1193
1499
1500
676
1366
1270
922
1151
1504
503
1084
815
1509
874
985
716
1299
1414
116
1514
376
1349
1094
1070
519
1521
1524
1553
1554
1526
1146
976
1529
1068
1043
683
414
748
1443
1535
1477
1216
323
1409
321
1298
1478
849
577
1147
77
1519
1450
266
336
773
1001
1554
1584
1492
1556
1147
1558
1377
1559
1163
1369
442
1321
1443
1124
1472
1410
1008
1261
1601
695
1062
208
1514
1578
1421
1069
653
1481
1587
1612
1459
1499
1077
1591
1592
1095
342
1596
733
1090
52
1376
1600
144
978
1441
691
1574
1396
1515
1520
1609
942
1349
1613
1638
1394
1615
1616
1617
745
336
683
1564
1642
277
1293
791
1649
1079
1627
656
1055
1226
152
1433
1001
1547
1482
1550
1356
1639
1665
1316
1641
1501
479
331
1269
624
1160
1621
1408
872
1626
1653
1602
844
1130
363
1419
1147
1661
937
192
1664
1666
1690
1527
1616
1528
1285
1645
180
1696
746
1185
1106
733
567
816
1678
1628
1297
1650
693
963
1236
1686
1094
1518
1691
1715
1146
398
1061
1367
1269
1619
1462
679
1647
1213
1703
955
1649
1084
1444
501
636
307
35
1275
1457
375
1580
1070
1458
1716
1742
948
1718
100
1720
1721
1502
1713
625
1563
1622
1212
278
1322
1652
1680
1731
981
1543
602
1430
1388
1392
10
882
298
1741
1743
1770
742
1745
399
1327
1748
1310
969
1187
737
130
1471
696
1705
1730
1412
1030
1157
51
1052
1461
1547
184
644
1484
1771
1796
742
607
1694
1117
1776
1070
1550
1075
796
179
1782
1377
811
1758
1786
1732
1543
30
1425
1685
1792
1520
1646
272
448
1797
1823
885
875
1467
1672
1697
1659
193
702
1503
352
749
1572
1836
1706
109
1788
171
1830
1049
1818
1793
413
1795
1824
1823
607
1695
1828
1549
1552
855
1437
1407
1705
1838
1707
1860
692
812
1842
1843
1140
80
1307
183
1778
1578
1848
1824
1850
1206
1852
1581
1805
674
702
1271
614
1810
1859
1511
1861
1032
232
1357
587
1453
373
1309
864
1768
1872
1849
324
1591
1042
1194
1696
676
1172
1178
1905
1886
285
1091
1684
1430
1816
942
885
1486
77
217
1896
1796
1874
1466
262
1277
1404
616
1904
1812
1927
1653
954
1091
1394
420
1724
997
1644
712
1918
1797
1920
1827
1922
1923
1877
682
1281
366
565
1811
1906
536
1541
1428
1646
1749
856
176
1575
1938
1771
1940
911
1900
1318
1942
679
1405
1754
924
1033
1787
1928
815
31
1428
968
863
670
1312
1959
1743
1799
1851
553
1051
1944
1267
918
1833
1948
1785
1950
1014
597
1953
678
1825
248
1864
1980
1612
1982
1941
1802
1802
1673
1700
1335
565
1991
1838
243
1347
1459
410
37
1371
534
2000
1960
324
1648
1643
1829
1986
578
1989
2009
1216
282
632
508
231
1999
1430
1826
1312
335
2019
1770
1799
2022
799
1881
1019
1804
1100
1725
688
354
1029
1215
144
508
48
1587
2038
1945
68
2039
2040
2021
2042
1618
1902
1096
1912
2047
1533
1566
2050
201
1731
2054
1994
1526
875
30
1204
1979
2060
1691
2041
1801
1776
1329
2067
993
1148
2069
1947
2028
569
2073
694
1613
2077
780
1957
2078
1460
1994
427
1980
1675
2063
1644
1965
937
2107
1699
188
1075
1102
1464
2008
497
284
980
1884
1638
810
1517
549
2101
124
437
1857
1958
1918
2105
1249
1721
578
1268
2004
1779
947
90
1292
2092
1650
1567
1180
2096
2122
2098
2099
2100
1428
21
34
2128
2104
1590
1558
2132
1723
1749
1549
2133
2137
578
2140
2117
2029
2142
2075
2056
1186
331
248
1316
589
294
589
2151
2127
1857
298
2174
372
2175
1892
889
2185
514
514
372
889
2181
1192
1675
1875
1723
1687
219
1828
2111
909
2139
2070
280
2118
2052
1173
1639
552
1561
390
1276
2175
1046
531
2126
5
2215
477
2172
2185
2190
2220
2181
2212
2224
2220
2189
444
1315
1717
2155
1800
482
2108
2196
2086
2135
2087
1806
2115
2091
2165
1410
2118
1545
1665
2043
966
2211
1892
514
2177
2216
1491
151
2149
2223
765
2189
2221
2228
2174
1315
2183
2212
1692
1773
1403
1877
1092
412
1530
2199
1187
195
2116
427
2051
2030
209
1639
2209
1954
258
2173
2260
2214
34
2152
273
2255
1913
2225
2259
2228
2286
2229
2225
2229
1101
1621
1962
413
1330
220
1118
1976
1593
295
1751
2201
2049
2203
1376
2030
18
2168
2014
2065
2024
2273
1275
2298
2287
437
2152
30
238
2129
2323
2294
2184
2330
298
2286
2266
2106
2208
490
2304
944
1594
478
1269
881
763
2202
1970
2243
356
2316
1496
2004
1963
1395
2330
2252
2215
1998
2289
2258
2294
2334
2296
2260
2263
2221
2367
2300
2155
1368
2341
1092
1330
645
2043
1954
950
1550
1239
2241
2277
2166
1414
1683
1460
2353
1984
1639
2357
2326
2327
2127
2154
2267
1560
1965
807
2305
913
614
2234
1045
2311
1969
2072
2314
524
117
2318
2387
2034
1496
2390
2178
573
2393
1959
2301
2084
1942
1922
2044
2247
2087
644
2240
2405
1837
656
593
1910
1358
2387
1796
2414
2216
152
2328
942
2262
2363
2187
2186
2213
2191
2265
1235
628
1017
806
1310
553
2272
746
2378
2303
2347
2406
2349
1414
2081
1587
2436
2100
2439
2334
2323
2468
2222
2227
2190
2188
2336
2337
2338
1425
2453
2401
2344
881
91
2458
2429
1536
105
2462
2463
2358
2254
152
2440
2182
2471
2469
2362
2224
2473
2192
2419
2420
1400
1437
2424
2308
1563
2482
2381
2071
203
1445
2487
1556
2436
139
366
1913
2494
2364
2447
2257
2293
2448
2395
2157
2087
2196
2343
1748
839
1781
2508
2313
2510
753
2512
2513
2128
2516
2363
2519
2364
2496
2335
2523
2232
2045
2046
2481
2282
1609
2025
2239
1334
1990
1599
495
2536
2537
2538
2491
2540
2265
2441
2259
2444
2566
2447
1692
1983
2548
2549
558
2160
2111
486
2554
2141
524
121
2558
2559
2560
2129
1896
2475
2504
2034
2282
1432
2320
1113
548
2483
1972
1993
2432
2581
2598
1556
2546
2479
2195
1463
2589
2233
1816
2576
2594
1992
1658
2597
2599
2613
1614
2570
2571
2481
2268
2548
423
1124
1926
1905
842
2409
2614
2627
1556
2003
2617
2506
1401
1954
1288
13
2048
2623
1706
2055
2628
2641
1496
2630
2526
1880
2633
2603
619
2637
2555
1544
2642
2653
1459
2644
2645
2503
2396
1119
805
1124
1537
1628
1735
2654
2666
1932
2616
2321
2527
2501
1325
686
873
2578
2317
2667
2678
1235
1775
2411
1141
2547
2617
748
543
2676
2679
2689
1276
2681
2411
2371
2648
1185
2687
2242
2677
2690
2700
1050
1747
2353
2619
1750
1934
1061
2651
2699
2701
2711
915
1436
2704
2157
1829
2114
657
2698
2712
2721
2702
1435
2004
1801
2107
1290
2719
2382
2612
2722
2732
272
1501
1748
1248
2648
2282
2555
2733
2741
893
1559
1852
2450
2234
2739
2009
2742
2750
1798
2023
2703
2397
2748
497
2751
2758
272
9
